The system is: Linux - 6.1.19-gentoo-x86_64 - x86_64
Compiling the C compiler identification source file "CMakeCCompilerId.c" succeeded.
Compiler: /usr/bin/cc 
Build flags: 
Id flags:  

The output was:
0


Compilation of the C compiler identification source "CMakeCCompilerId.c" produced "a.out"

The C compiler identification is GNU, found in "/home/jungyoon/workspace/quicdoq/CMakeFiles/3.22.1/CompilerIdC/a.out"

Compiling the CXX compiler identification source file "CMakeCXXCompilerId.cpp" succeeded.
Compiler: /usr/bin/c++ 
Build flags: 
Id flags:  

The output was:
0


Compilation of the CXX compiler identification source "CMakeCXXCompilerId.cpp" produced "a.out"

The CXX compiler identification is GNU, found in "/home/jungyoon/workspace/quicdoq/CMakeFiles/3.22.1/CompilerIdCXX/a.out"

Detecting C compiler ABI info compiled with the following output:
Change Dir: /home/jungyoon/workspace/quicdoq/CMakeFiles/CMakeTmp

Run Build Command(s):/usr/bin/gmake -f Makefile cmTC_dfaf2/fast && /usr/bin/gmake  -f CMakeFiles/cmTC_dfaf2.dir/build.make CMakeFiles/cmTC_dfaf2.dir/build
gmake[1]: Entering directory '/home/jungyoon/workspace/quicdoq/CMakeFiles/CMakeTmp'
Building C object CMakeFiles/cmTC_dfaf2.dir/CMakeCCompilerABI.c.o
/usr/bin/cc   -v -o CMakeFiles/cmTC_dfaf2.dir/CMakeCCompilerABI.c.o -c /home/jungyoon/.miniconda3/share/cmake-3.22/Modules/CMakeCCompilerABI.c
Using built-in specs.
COLLECT_GCC=/usr/bin/cc
Target: x86_64-pc-linux-gnu
Configured with: /var/tmp/portage/sys-devel/gcc-11.3.1_p20230120-r1/work/gcc-11-20230120/configure --host=x86_64-pc-linux-gnu --build=x86_64-pc-linux-gnu --prefix=/usr --bindir=/usr/x86_64-pc-linux-gnu/gcc-bin/11 --includedir=/usr/lib/gcc/x86_64-pc-linux-gnu/11/include --datadir=/usr/share/gcc-data/x86_64-pc-linux-gnu/11 --mandir=/usr/share/gcc-data/x86_64-pc-linux-gnu/11/man --infodir=/usr/share/gcc-data/x86_64-pc-linux-gnu/11/info --with-gxx-include-dir=/usr/lib/gcc/x86_64-pc-linux-gnu/11/include/g++-v11 --with-python-dir=/share/gcc-data/x86_64-pc-linux-gnu/11/python --enable-languages=c,c++,fortran --enable-obsolete --enable-secureplt --disable-werror --with-system-zlib --enable-nls --without-included-gettext --disable-libunwind-exceptions --enable-checking=release --with-bugurl=https://bugs.gentoo.org/ --with-pkgversion='Gentoo 11.3.1_p20230120-r1 p7' --with-gcc-major-version-only --disable-esp --enable-libstdcxx-time --enable-lto --disable-libstdcxx-pch --enable-shared --enable-threads=posix --enable-__cxa_atexit --enable-clocale=gnu --enable-multilib --with-multilib-list=m32,m64 --disable-fixed-point --enable-targets=all --enable-libgomp --disable-libssp --disable-libada --disable-cet --disable-systemtap --disable-valgrind-annotations --disable-vtable-verify --disable-libvtv --without-zstd --without-isl --enable-default-pie --enable-default-ssp
Thread model: posix
Supported LTO compression algorithms: zlib
gcc version 11.3.1 20230120 (Gentoo 11.3.1_p20230120-r1 p7) 
COLLECT_GCC_OPTIONS='-v' '-o' 'CMakeFiles/cmTC_dfaf2.dir/CMakeCCompilerABI.c.o' '-c' '-mtune=generic' '-march=x86-64' '-dumpdir' 'CMakeFiles/cmTC_dfaf2.dir/'
 /usr/libexec/gcc/x86_64-pc-linux-gnu/11/cc1 -quiet -v /home/jungyoon/.miniconda3/share/cmake-3.22/Modules/CMakeCCompilerABI.c -quiet -dumpdir CMakeFiles/cmTC_dfaf2.dir/ -dumpbase CMakeCCompilerABI.c.c -dumpbase-ext .c -mtune=generic -march=x86-64 -version -o /tmp/ccnnL5yM.s
GNU C17 (Gentoo 11.3.1_p20230120-r1 p7) version 11.3.1 20230120 (x86_64-pc-linux-gnu)
	compiled by GNU C version 11.3.1 20230120, GMP version 6.2.1, MPFR version 4.2.0, MPC version 1.3.1, isl version none
GGC heuristics: --param ggc-min-expand=100 --param ggc-min-heapsize=131072
ignoring nonexistent directory "/usr/local/include"
ignoring nonexistent directory "/usr/lib/gcc/x86_64-pc-linux-gnu/11/../../../../x86_64-pc-linux-gnu/include"
#include "..." search starts here:
#include <...> search starts here:
 /usr/lib/gcc/x86_64-pc-linux-gnu/11/include
 /usr/lib/gcc/x86_64-pc-linux-gnu/11/include-fixed
 /usr/include
End of search list.
GNU C17 (Gentoo 11.3.1_p20230120-r1 p7) version 11.3.1 20230120 (x86_64-pc-linux-gnu)
	compiled by GNU C version 11.3.1 20230120, GMP version 6.2.1, MPFR version 4.2.0, MPC version 1.3.1, isl version none
GGC heuristics: --param ggc-min-expand=100 --param ggc-min-heapsize=131072
Compiler executable checksum: 3ba2a2e49c1ee5d5991afe1131aa4cec
COLLECT_GCC_OPTIONS='-v' '-o' 'CMakeFiles/cmTC_dfaf2.dir/CMakeCCompilerABI.c.o' '-c' '-mtune=generic' '-march=x86-64' '-dumpdir' 'CMakeFiles/cmTC_dfaf2.dir/'
 /usr/lib/gcc/x86_64-pc-linux-gnu/11/../../../../x86_64-pc-linux-gnu/bin/as -v --64 -o CMakeFiles/cmTC_dfaf2.dir/CMakeCCompilerABI.c.o /tmp/ccnnL5yM.s
GNU assembler version 2.39.0 (x86_64-pc-linux-gnu) using BFD version (Gentoo 2.39 p5) 2.39.0
COMPILER_PATH=/usr/libexec/gcc/x86_64-pc-linux-gnu/11/:/usr/libexec/gcc/x86_64-pc-linux-gnu/11/:/usr/libexec/gcc/x86_64-pc-linux-gnu/:/usr/lib/gcc/x86_64-pc-linux-gnu/11/:/usr/lib/gcc/x86_64-pc-linux-gnu/:/usr/lib/gcc/x86_64-pc-linux-gnu/11/../../../../x86_64-pc-linux-gnu/bin/
LIBRARY_PATH=/usr/lib/gcc/x86_64-pc-linux-gnu/11/:/usr/lib/gcc/x86_64-pc-linux-gnu/11/../../../../lib64/:/lib/../lib64/:/usr/lib/../lib64/:/usr/lib/gcc/x86_64-pc-linux-gnu/11/../../../../x86_64-pc-linux-gnu/lib/:/usr/lib/gcc/x86_64-pc-linux-gnu/11/../../../:/lib/:/usr/lib/
COLLECT_GCC_OPTIONS='-v' '-o' 'CMakeFiles/cmTC_dfaf2.dir/CMakeCCompilerABI.c.o' '-c' '-mtune=generic' '-march=x86-64' '-dumpdir' 'CMakeFiles/cmTC_dfaf2.dir/CMakeCCompilerABI.c.'
Linking C executable cmTC_dfaf2
/home/jungyoon/.miniconda3/bin/cmake -E cmake_link_script CMakeFiles/cmTC_dfaf2.dir/link.txt --verbose=1
/usr/bin/cc  -v CMakeFiles/cmTC_dfaf2.dir/CMakeCCompilerABI.c.o -o cmTC_dfaf2 
Using built-in specs.
COLLECT_GCC=/usr/bin/cc
COLLECT_LTO_WRAPPER=/usr/libexec/gcc/x86_64-pc-linux-gnu/11/lto-wrapper
Target: x86_64-pc-linux-gnu
Configured with: /var/tmp/portage/sys-devel/gcc-11.3.1_p20230120-r1/work/gcc-11-20230120/configure --host=x86_64-pc-linux-gnu --build=x86_64-pc-linux-gnu --prefix=/usr --bindir=/usr/x86_64-pc-linux-gnu/gcc-bin/11 --includedir=/usr/lib/gcc/x86_64-pc-linux-gnu/11/include --datadir=/usr/share/gcc-data/x86_64-pc-linux-gnu/11 --mandir=/usr/share/gcc-data/x86_64-pc-linux-gnu/11/man --infodir=/usr/share/gcc-data/x86_64-pc-linux-gnu/11/info --with-gxx-include-dir=/usr/lib/gcc/x86_64-pc-linux-gnu/11/include/g++-v11 --with-python-dir=/share/gcc-data/x86_64-pc-linux-gnu/11/python --enable-languages=c,c++,fortran --enable-obsolete --enable-secureplt --disable-werror --with-system-zlib --enable-nls --without-included-gettext --disable-libunwind-exceptions --enable-checking=release --with-bugurl=https://bugs.gentoo.org/ --with-pkgversion='Gentoo 11.3.1_p20230120-r1 p7' --with-gcc-major-version-only --disable-esp --enable-libstdcxx-time --enable-lto --disable-libstdcxx-pch --enable-shared --enable-threads=posix --enable-__cxa_atexit --enable-clocale=gnu --enable-multilib --with-multilib-list=m32,m64 --disable-fixed-point --enable-targets=all --enable-libgomp --disable-libssp --disable-libada --disable-cet --disable-systemtap --disable-valgrind-annotations --disable-vtable-verify --disable-libvtv --without-zstd --without-isl --enable-default-pie --enable-default-ssp
Thread model: posix
Supported LTO compression algorithms: zlib
gcc version 11.3.1 20230120 (Gentoo 11.3.1_p20230120-r1 p7) 
COMPILER_PATH=/usr/libexec/gcc/x86_64-pc-linux-gnu/11/:/usr/libexec/gcc/x86_64-pc-linux-gnu/11/:/usr/libexec/gcc/x86_64-pc-linux-gnu/:/usr/lib/gcc/x86_64-pc-linux-gnu/11/:/usr/lib/gcc/x86_64-pc-linux-gnu/:/usr/lib/gcc/x86_64-pc-linux-gnu/11/../../../../x86_64-pc-linux-gnu/bin/
LIBRARY_PATH=/usr/lib/gcc/x86_64-pc-linux-gnu/11/:/usr/lib/gcc/x86_64-pc-linux-gnu/11/../../../../lib64/:/lib/../lib64/:/usr/lib/../lib64/:/usr/lib/gcc/x86_64-pc-linux-gnu/11/../../../../x86_64-pc-linux-gnu/lib/:/usr/lib/gcc/x86_64-pc-linux-gnu/11/../../../:/lib/:/usr/lib/
COLLECT_GCC_OPTIONS='-v' '-o' 'cmTC_dfaf2' '-mtune=generic' '-march=x86-64' '-dumpdir' 'cmTC_dfaf2.'
 /usr/libexec/gcc/x86_64-pc-linux-gnu/11/collect2 -plugin /usr/libexec/gcc/x86_64-pc-linux-gnu/11/liblto_plugin.so -plugin-opt=/usr/libexec/gcc/x86_64-pc-linux-gnu/11/lto-wrapper -plugin-opt=-fresolution=/tmp/ccp9xEA5.res -plugin-opt=-pass-through=-lgcc -plugin-opt=-pass-through=-lgcc_s -plugin-opt=-pass-through=-lc -plugin-opt=-pass-through=-lgcc -plugin-opt=-pass-through=-lgcc_s --eh-frame-hdr -m elf_x86_64 -dynamic-linker /lib64/ld-linux-x86-64.so.2 -pie -o cmTC_dfaf2 /usr/lib/gcc/x86_64-pc-linux-gnu/11/../../../../lib64/Scrt1.o /usr/lib/gcc/x86_64-pc-linux-gnu/11/../../../../lib64/crti.o /usr/lib/gcc/x86_64-pc-linux-gnu/11/crtbeginS.o -L/usr/lib/gcc/x86_64-pc-linux-gnu/11 -L/usr/lib/gcc/x86_64-pc-linux-gnu/11/../../../../lib64 -L/lib/../lib64 -L/usr/lib/../lib64 -L/usr/lib/gcc/x86_64-pc-linux-gnu/11/../../../../x86_64-pc-linux-gnu/lib -L/usr/lib/gcc/x86_64-pc-linux-gnu/11/../../.. CMakeFiles/cmTC_dfaf2.dir/CMakeCCompilerABI.c.o -lgcc --push-state --as-needed -lgcc_s --pop-state -lc -lgcc --push-state --as-needed -lgcc_s --pop-state /usr/lib/gcc/x86_64-pc-linux-gnu/11/crtendS.o /usr/lib/gcc/x86_64-pc-linux-gnu/11/../../../../lib64/crtn.o
COLLECT_GCC_OPTIONS='-v' '-o' 'cmTC_dfaf2' '-mtune=generic' '-march=x86-64' '-dumpdir' 'cmTC_dfaf2.'
gmake[1]: Leaving directory '/home/jungyoon/workspace/quicdoq/CMakeFiles/CMakeTmp'



Parsed C implicit include dir info from above output: rv=done
  found start of include info
  found start of implicit include info
    add: [/usr/lib/gcc/x86_64-pc-linux-gnu/11/include]
    add: [/usr/lib/gcc/x86_64-pc-linux-gnu/11/include-fixed]
    add: [/usr/include]
  end of search list found
  collapse include dir [/usr/lib/gcc/x86_64-pc-linux-gnu/11/include] ==> [/usr/lib/gcc/x86_64-pc-linux-gnu/11/include]
  collapse include dir [/usr/lib/gcc/x86_64-pc-linux-gnu/11/include-fixed] ==> [/usr/lib/gcc/x86_64-pc-linux-gnu/11/include-fixed]
  collapse include dir [/usr/include] ==> [/usr/include]
  implicit include dirs: [/usr/lib/gcc/x86_64-pc-linux-gnu/11/include;/usr/lib/gcc/x86_64-pc-linux-gnu/11/include-fixed;/usr/include]


Parsed C implicit link information from above output:
  link line regex: [^( *|.*[/\])(ld|CMAKE_LINK_STARTFILE-NOTFOUND|([^/\]+-)?ld|collect2)[^/\]*( |$)]
  ignore line: [Change Dir: /home/jungyoon/workspace/quicdoq/CMakeFiles/CMakeTmp]
  ignore line: []
  ignore line: [Run Build Command(s):/usr/bin/gmake -f Makefile cmTC_dfaf2/fast && /usr/bin/gmake  -f CMakeFiles/cmTC_dfaf2.dir/build.make CMakeFiles/cmTC_dfaf2.dir/build]
  ignore line: [gmake[1]: Entering directory '/home/jungyoon/workspace/quicdoq/CMakeFiles/CMakeTmp']
  ignore line: [Building C object CMakeFiles/cmTC_dfaf2.dir/CMakeCCompilerABI.c.o]
  ignore line: [/usr/bin/cc   -v -o CMakeFiles/cmTC_dfaf2.dir/CMakeCCompilerABI.c.o -c /home/jungyoon/.miniconda3/share/cmake-3.22/Modules/CMakeCCompilerABI.c]
  ignore line: [Using built-in specs.]
  ignore line: [COLLECT_GCC=/usr/bin/cc]
  ignore line: [Target: x86_64-pc-linux-gnu]
  ignore line: [Configured with: /var/tmp/portage/sys-devel/gcc-11.3.1_p20230120-r1/work/gcc-11-20230120/configure --host=x86_64-pc-linux-gnu --build=x86_64-pc-linux-gnu --prefix=/usr --bindir=/usr/x86_64-pc-linux-gnu/gcc-bin/11 --includedir=/usr/lib/gcc/x86_64-pc-linux-gnu/11/include --datadir=/usr/share/gcc-data/x86_64-pc-linux-gnu/11 --mandir=/usr/share/gcc-data/x86_64-pc-linux-gnu/11/man --infodir=/usr/share/gcc-data/x86_64-pc-linux-gnu/11/info --with-gxx-include-dir=/usr/lib/gcc/x86_64-pc-linux-gnu/11/include/g++-v11 --with-python-dir=/share/gcc-data/x86_64-pc-linux-gnu/11/python --enable-languages=c c++ fortran --enable-obsolete --enable-secureplt --disable-werror --with-system-zlib --enable-nls --without-included-gettext --disable-libunwind-exceptions --enable-checking=release --with-bugurl=https://bugs.gentoo.org/ --with-pkgversion='Gentoo 11.3.1_p20230120-r1 p7' --with-gcc-major-version-only --disable-esp --enable-libstdcxx-time --enable-lto --disable-libstdcxx-pch --enable-shared --enable-threads=posix --enable-__cxa_atexit --enable-clocale=gnu --enable-multilib --with-multilib-list=m32 m64 --disable-fixed-point --enable-targets=all --enable-libgomp --disable-libssp --disable-libada --disable-cet --disable-systemtap --disable-valgrind-annotations --disable-vtable-verify --disable-libvtv --without-zstd --without-isl --enable-default-pie --enable-default-ssp]
  ignore line: [Thread model: posix]
  ignore line: [Supported LTO compression algorithms: zlib]
  ignore line: [gcc version 11.3.1 20230120 (Gentoo 11.3.1_p20230120-r1 p7) ]
  ignore line: [COLLECT_GCC_OPTIONS='-v' '-o' 'CMakeFiles/cmTC_dfaf2.dir/CMakeCCompilerABI.c.o' '-c' '-mtune=generic' '-march=x86-64' '-dumpdir' 'CMakeFiles/cmTC_dfaf2.dir/']
  ignore line: [ /usr/libexec/gcc/x86_64-pc-linux-gnu/11/cc1 -quiet -v /home/jungyoon/.miniconda3/share/cmake-3.22/Modules/CMakeCCompilerABI.c -quiet -dumpdir CMakeFiles/cmTC_dfaf2.dir/ -dumpbase CMakeCCompilerABI.c.c -dumpbase-ext .c -mtune=generic -march=x86-64 -version -o /tmp/ccnnL5yM.s]
  ignore line: [GNU C17 (Gentoo 11.3.1_p20230120-r1 p7) version 11.3.1 20230120 (x86_64-pc-linux-gnu)]
  ignore line: [	compiled by GNU C version 11.3.1 20230120  GMP version 6.2.1  MPFR version 4.2.0  MPC version 1.3.1  isl version none]
  ignore line: [GGC heuristics: --param ggc-min-expand=100 --param ggc-min-heapsize=131072]
  ignore line: [ignoring nonexistent directory "/usr/local/include"]
  ignore line: [ignoring nonexistent directory "/usr/lib/gcc/x86_64-pc-linux-gnu/11/../../../../x86_64-pc-linux-gnu/include"]
  ignore line: [#include "..." search starts here:]
  ignore line: [#include <...> search starts here:]
  ignore line: [ /usr/lib/gcc/x86_64-pc-linux-gnu/11/include]
  ignore line: [ /usr/lib/gcc/x86_64-pc-linux-gnu/11/include-fixed]
  ignore line: [ /usr/include]
  ignore line: [End of search list.]
  ignore line: [GNU C17 (Gentoo 11.3.1_p20230120-r1 p7) version 11.3.1 20230120 (x86_64-pc-linux-gnu)]
  ignore line: [	compiled by GNU C version 11.3.1 20230120  GMP version 6.2.1  MPFR version 4.2.0  MPC version 1.3.1  isl version none]
  ignore line: [GGC heuristics: --param ggc-min-expand=100 --param ggc-min-heapsize=131072]
  ignore line: [Compiler executable checksum: 3ba2a2e49c1ee5d5991afe1131aa4cec]
  ignore line: [COLLECT_GCC_OPTIONS='-v' '-o' 'CMakeFiles/cmTC_dfaf2.dir/CMakeCCompilerABI.c.o' '-c' '-mtune=generic' '-march=x86-64' '-dumpdir' 'CMakeFiles/cmTC_dfaf2.dir/']
  ignore line: [ /usr/lib/gcc/x86_64-pc-linux-gnu/11/../../../../x86_64-pc-linux-gnu/bin/as -v --64 -o CMakeFiles/cmTC_dfaf2.dir/CMakeCCompilerABI.c.o /tmp/ccnnL5yM.s]
  ignore line: [GNU assembler version 2.39.0 (x86_64-pc-linux-gnu) using BFD version (Gentoo 2.39 p5) 2.39.0]
  ignore line: [COMPILER_PATH=/usr/libexec/gcc/x86_64-pc-linux-gnu/11/:/usr/libexec/gcc/x86_64-pc-linux-gnu/11/:/usr/libexec/gcc/x86_64-pc-linux-gnu/:/usr/lib/gcc/x86_64-pc-linux-gnu/11/:/usr/lib/gcc/x86_64-pc-linux-gnu/:/usr/lib/gcc/x86_64-pc-linux-gnu/11/../../../../x86_64-pc-linux-gnu/bin/]
  ignore line: [LIBRARY_PATH=/usr/lib/gcc/x86_64-pc-linux-gnu/11/:/usr/lib/gcc/x86_64-pc-linux-gnu/11/../../../../lib64/:/lib/../lib64/:/usr/lib/../lib64/:/usr/lib/gcc/x86_64-pc-linux-gnu/11/../../../../x86_64-pc-linux-gnu/lib/:/usr/lib/gcc/x86_64-pc-linux-gnu/11/../../../:/lib/:/usr/lib/]
  ignore line: [COLLECT_GCC_OPTIONS='-v' '-o' 'CMakeFiles/cmTC_dfaf2.dir/CMakeCCompilerABI.c.o' '-c' '-mtune=generic' '-march=x86-64' '-dumpdir' 'CMakeFiles/cmTC_dfaf2.dir/CMakeCCompilerABI.c.']
  ignore line: [Linking C executable cmTC_dfaf2]
  ignore line: [/home/jungyoon/.miniconda3/bin/cmake -E cmake_link_script CMakeFiles/cmTC_dfaf2.dir/link.txt --verbose=1]
  ignore line: [/usr/bin/cc  -v CMakeFiles/cmTC_dfaf2.dir/CMakeCCompilerABI.c.o -o cmTC_dfaf2 ]
  ignore line: [Using built-in specs.]
  ignore line: [COLLECT_GCC=/usr/bin/cc]
  ignore line: [COLLECT_LTO_WRAPPER=/usr/libexec/gcc/x86_64-pc-linux-gnu/11/lto-wrapper]
  ignore line: [Target: x86_64-pc-linux-gnu]
  ignore line: [Configured with: /var/tmp/portage/sys-devel/gcc-11.3.1_p20230120-r1/work/gcc-11-20230120/configure --host=x86_64-pc-linux-gnu --build=x86_64-pc-linux-gnu --prefix=/usr --bindir=/usr/x86_64-pc-linux-gnu/gcc-bin/11 --includedir=/usr/lib/gcc/x86_64-pc-linux-gnu/11/include --datadir=/usr/share/gcc-data/x86_64-pc-linux-gnu/11 --mandir=/usr/share/gcc-data/x86_64-pc-linux-gnu/11/man --infodir=/usr/share/gcc-data/x86_64-pc-linux-gnu/11/info --with-gxx-include-dir=/usr/lib/gcc/x86_64-pc-linux-gnu/11/include/g++-v11 --with-python-dir=/share/gcc-data/x86_64-pc-linux-gnu/11/python --enable-languages=c c++ fortran --enable-obsolete --enable-secureplt --disable-werror --with-system-zlib --enable-nls --without-included-gettext --disable-libunwind-exceptions --enable-checking=release --with-bugurl=https://bugs.gentoo.org/ --with-pkgversion='Gentoo 11.3.1_p20230120-r1 p7' --with-gcc-major-version-only --disable-esp --enable-libstdcxx-time --enable-lto --disable-libstdcxx-pch --enable-shared --enable-threads=posix --enable-__cxa_atexit --enable-clocale=gnu --enable-multilib --with-multilib-list=m32 m64 --disable-fixed-point --enable-targets=all --enable-libgomp --disable-libssp --disable-libada --disable-cet --disable-systemtap --disable-valgrind-annotations --disable-vtable-verify --disable-libvtv --without-zstd --without-isl --enable-default-pie --enable-default-ssp]
  ignore line: [Thread model: posix]
  ignore line: [Supported LTO compression algorithms: zlib]
  ignore line: [gcc version 11.3.1 20230120 (Gentoo 11.3.1_p20230120-r1 p7) ]
  ignore line: [COMPILER_PATH=/usr/libexec/gcc/x86_64-pc-linux-gnu/11/:/usr/libexec/gcc/x86_64-pc-linux-gnu/11/:/usr/libexec/gcc/x86_64-pc-linux-gnu/:/usr/lib/gcc/x86_64-pc-linux-gnu/11/:/usr/lib/gcc/x86_64-pc-linux-gnu/:/usr/lib/gcc/x86_64-pc-linux-gnu/11/../../../../x86_64-pc-linux-gnu/bin/]
  ignore line: [LIBRARY_PATH=/usr/lib/gcc/x86_64-pc-linux-gnu/11/:/usr/lib/gcc/x86_64-pc-linux-gnu/11/../../../../lib64/:/lib/../lib64/:/usr/lib/../lib64/:/usr/lib/gcc/x86_64-pc-linux-gnu/11/../../../../x86_64-pc-linux-gnu/lib/:/usr/lib/gcc/x86_64-pc-linux-gnu/11/../../../:/lib/:/usr/lib/]
  ignore line: [COLLECT_GCC_OPTIONS='-v' '-o' 'cmTC_dfaf2' '-mtune=generic' '-march=x86-64' '-dumpdir' 'cmTC_dfaf2.']
  link line: [ /usr/libexec/gcc/x86_64-pc-linux-gnu/11/collect2 -plugin /usr/libexec/gcc/x86_64-pc-linux-gnu/11/liblto_plugin.so -plugin-opt=/usr/libexec/gcc/x86_64-pc-linux-gnu/11/lto-wrapper -plugin-opt=-fresolution=/tmp/ccp9xEA5.res -plugin-opt=-pass-through=-lgcc -plugin-opt=-pass-through=-lgcc_s -plugin-opt=-pass-through=-lc -plugin-opt=-pass-through=-lgcc -plugin-opt=-pass-through=-lgcc_s --eh-frame-hdr -m elf_x86_64 -dynamic-linker /lib64/ld-linux-x86-64.so.2 -pie -o cmTC_dfaf2 /usr/lib/gcc/x86_64-pc-linux-gnu/11/../../../../lib64/Scrt1.o /usr/lib/gcc/x86_64-pc-linux-gnu/11/../../../../lib64/crti.o /usr/lib/gcc/x86_64-pc-linux-gnu/11/crtbeginS.o -L/usr/lib/gcc/x86_64-pc-linux-gnu/11 -L/usr/lib/gcc/x86_64-pc-linux-gnu/11/../../../../lib64 -L/lib/../lib64 -L/usr/lib/../lib64 -L/usr/lib/gcc/x86_64-pc-linux-gnu/11/../../../../x86_64-pc-linux-gnu/lib -L/usr/lib/gcc/x86_64-pc-linux-gnu/11/../../.. CMakeFiles/cmTC_dfaf2.dir/CMakeCCompilerABI.c.o -lgcc --push-state --as-needed -lgcc_s --pop-state -lc -lgcc --push-state --as-needed -lgcc_s --pop-state /usr/lib/gcc/x86_64-pc-linux-gnu/11/crtendS.o /usr/lib/gcc/x86_64-pc-linux-gnu/11/../../../../lib64/crtn.o]
    arg [/usr/libexec/gcc/x86_64-pc-linux-gnu/11/collect2] ==> ignore
    arg [-plugin] ==> ignore
    arg [/usr/libexec/gcc/x86_64-pc-linux-gnu/11/liblto_plugin.so] ==> ignore
    arg [-plugin-opt=/usr/libexec/gcc/x86_64-pc-linux-gnu/11/lto-wrapper] ==> ignore
    arg [-plugin-opt=-fresolution=/tmp/ccp9xEA5.res] ==> ignore
    arg [-plugin-opt=-pass-through=-lgcc] ==> ignore
    arg [-plugin-opt=-pass-through=-lgcc_s] ==> ignore
    arg [-plugin-opt=-pass-through=-lc] ==> ignore
    arg [-plugin-opt=-pass-through=-lgcc] ==> ignore
    arg [-plugin-opt=-pass-through=-lgcc_s] ==> ignore
    arg [--eh-frame-hdr] ==> ignore
    arg [-m] ==> ignore
    arg [elf_x86_64] ==> ignore
    arg [-dynamic-linker] ==> ignore
    arg [/lib64/ld-linux-x86-64.so.2] ==> ignore
    arg [-pie] ==> ignore
    arg [-o] ==> ignore
    arg [cmTC_dfaf2] ==> ignore
    arg [/usr/lib/gcc/x86_64-pc-linux-gnu/11/../../../../lib64/Scrt1.o] ==> obj [/usr/lib/gcc/x86_64-pc-linux-gnu/11/../../../../lib64/Scrt1.o]
    arg [/usr/lib/gcc/x86_64-pc-linux-gnu/11/../../../../lib64/crti.o] ==> obj [/usr/lib/gcc/x86_64-pc-linux-gnu/11/../../../../lib64/crti.o]
    arg [/usr/lib/gcc/x86_64-pc-linux-gnu/11/crtbeginS.o] ==> obj [/usr/lib/gcc/x86_64-pc-linux-gnu/11/crtbeginS.o]
    arg [-L/usr/lib/gcc/x86_64-pc-linux-gnu/11] ==> dir [/usr/lib/gcc/x86_64-pc-linux-gnu/11]
    arg [-L/usr/lib/gcc/x86_64-pc-linux-gnu/11/../../../../lib64] ==> dir [/usr/lib/gcc/x86_64-pc-linux-gnu/11/../../../../lib64]
    arg [-L/lib/../lib64] ==> dir [/lib/../lib64]
    arg [-L/usr/lib/../lib64] ==> dir [/usr/lib/../lib64]
    arg [-L/usr/lib/gcc/x86_64-pc-linux-gnu/11/../../../../x86_64-pc-linux-gnu/lib] ==> dir [/usr/lib/gcc/x86_64-pc-linux-gnu/11/../../../../x86_64-pc-linux-gnu/lib]
    arg [-L/usr/lib/gcc/x86_64-pc-linux-gnu/11/../../..] ==> dir [/usr/lib/gcc/x86_64-pc-linux-gnu/11/../../..]
    arg [CMakeFiles/cmTC_dfaf2.dir/CMakeCCompilerABI.c.o] ==> ignore
    arg [-lgcc] ==> lib [gcc]
    arg [--push-state] ==> ignore
    arg [--as-needed] ==> ignore
    arg [-lgcc_s] ==> lib [gcc_s]
    arg [--pop-state] ==> ignore
    arg [-lc] ==> lib [c]
    arg [-lgcc] ==> lib [gcc]
    arg [--push-state] ==> ignore
    arg [--as-needed] ==> ignore
    arg [-lgcc_s] ==> lib [gcc_s]
    arg [--pop-state] ==> ignore
    arg [/usr/lib/gcc/x86_64-pc-linux-gnu/11/crtendS.o] ==> obj [/usr/lib/gcc/x86_64-pc-linux-gnu/11/crtendS.o]
    arg [/usr/lib/gcc/x86_64-pc-linux-gnu/11/../../../../lib64/crtn.o] ==> obj [/usr/lib/gcc/x86_64-pc-linux-gnu/11/../../../../lib64/crtn.o]
  collapse obj [/usr/lib/gcc/x86_64-pc-linux-gnu/11/../../../../lib64/Scrt1.o] ==> [/usr/lib64/Scrt1.o]
  collapse obj [/usr/lib/gcc/x86_64-pc-linux-gnu/11/../../../../lib64/crti.o] ==> [/usr/lib64/crti.o]
  collapse obj [/usr/lib/gcc/x86_64-pc-linux-gnu/11/../../../../lib64/crtn.o] ==> [/usr/lib64/crtn.o]
  collapse library dir [/usr/lib/gcc/x86_64-pc-linux-gnu/11] ==> [/usr/lib/gcc/x86_64-pc-linux-gnu/11]
  collapse library dir [/usr/lib/gcc/x86_64-pc-linux-gnu/11/../../../../lib64] ==> [/usr/lib64]
  collapse library dir [/lib/../lib64] ==> [/lib64]
  collapse library dir [/usr/lib/../lib64] ==> [/usr/lib64]
  collapse library dir [/usr/lib/gcc/x86_64-pc-linux-gnu/11/../../../../x86_64-pc-linux-gnu/lib] ==> [/usr/x86_64-pc-linux-gnu/lib]
  collapse library dir [/usr/lib/gcc/x86_64-pc-linux-gnu/11/../../..] ==> [/usr/lib]
  implicit libs: [gcc;gcc_s;c;gcc;gcc_s]
  implicit objs: [/usr/lib64/Scrt1.o;/usr/lib64/crti.o;/usr/lib/gcc/x86_64-pc-linux-gnu/11/crtbeginS.o;/usr/lib/gcc/x86_64-pc-linux-gnu/11/crtendS.o;/usr/lib64/crtn.o]
  implicit dirs: [/usr/lib/gcc/x86_64-pc-linux-gnu/11;/usr/lib64;/lib64;/usr/x86_64-pc-linux-gnu/lib;/usr/lib]
  implicit fwks: []


Detecting CXX compiler ABI info compiled with the following output:
Change Dir: /home/jungyoon/workspace/quicdoq/CMakeFiles/CMakeTmp

Run Build Command(s):/usr/bin/gmake -f Makefile cmTC_bfb6b/fast && /usr/bin/gmake  -f CMakeFiles/cmTC_bfb6b.dir/build.make CMakeFiles/cmTC_bfb6b.dir/build
gmake[1]: Entering directory '/home/jungyoon/workspace/quicdoq/CMakeFiles/CMakeTmp'
Building CXX object CMakeFiles/cmTC_bfb6b.dir/CMakeCXXCompilerABI.cpp.o
/usr/bin/c++   -v -o CMakeFiles/cmTC_bfb6b.dir/CMakeCXXCompilerABI.cpp.o -c /home/jungyoon/.miniconda3/share/cmake-3.22/Modules/CMakeCXXCompilerABI.cpp
Using built-in specs.
COLLECT_GCC=/usr/bin/c++
Target: x86_64-pc-linux-gnu
Configured with: /var/tmp/portage/sys-devel/gcc-11.3.1_p20230120-r1/work/gcc-11-20230120/configure --host=x86_64-pc-linux-gnu --build=x86_64-pc-linux-gnu --prefix=/usr --bindir=/usr/x86_64-pc-linux-gnu/gcc-bin/11 --includedir=/usr/lib/gcc/x86_64-pc-linux-gnu/11/include --datadir=/usr/share/gcc-data/x86_64-pc-linux-gnu/11 --mandir=/usr/share/gcc-data/x86_64-pc-linux-gnu/11/man --infodir=/usr/share/gcc-data/x86_64-pc-linux-gnu/11/info --with-gxx-include-dir=/usr/lib/gcc/x86_64-pc-linux-gnu/11/include/g++-v11 --with-python-dir=/share/gcc-data/x86_64-pc-linux-gnu/11/python --enable-languages=c,c++,fortran --enable-obsolete --enable-secureplt --disable-werror --with-system-zlib --enable-nls --without-included-gettext --disable-libunwind-exceptions --enable-checking=release --with-bugurl=https://bugs.gentoo.org/ --with-pkgversion='Gentoo 11.3.1_p20230120-r1 p7' --with-gcc-major-version-only --disable-esp --enable-libstdcxx-time --enable-lto --disable-libstdcxx-pch --enable-shared --enable-threads=posix --enable-__cxa_atexit --enable-clocale=gnu --enable-multilib --with-multilib-list=m32,m64 --disable-fixed-point --enable-targets=all --enable-libgomp --disable-libssp --disable-libada --disable-cet --disable-systemtap --disable-valgrind-annotations --disable-vtable-verify --disable-libvtv --without-zstd --without-isl --enable-default-pie --enable-default-ssp
Thread model: posix
Supported LTO compression algorithms: zlib
gcc version 11.3.1 20230120 (Gentoo 11.3.1_p20230120-r1 p7) 
COLLECT_GCC_OPTIONS='-v' '-o' 'CMakeFiles/cmTC_bfb6b.dir/CMakeCXXCompilerABI.cpp.o' '-c' '-shared-libgcc' '-mtune=generic' '-march=x86-64' '-dumpdir' 'CMakeFiles/cmTC_bfb6b.dir/'
 /usr/libexec/gcc/x86_64-pc-linux-gnu/11/cc1plus -quiet -v -D_GNU_SOURCE /home/jungyoon/.miniconda3/share/cmake-3.22/Modules/CMakeCXXCompilerABI.cpp -quiet -dumpdir CMakeFiles/cmTC_bfb6b.dir/ -dumpbase CMakeCXXCompilerABI.cpp.cpp -dumpbase-ext .cpp -mtune=generic -march=x86-64 -version -o /tmp/cc6YehmP.s
GNU C++17 (Gentoo 11.3.1_p20230120-r1 p7) version 11.3.1 20230120 (x86_64-pc-linux-gnu)
	compiled by GNU C version 11.3.1 20230120, GMP version 6.2.1, MPFR version 4.2.0, MPC version 1.3.1, isl version none
GGC heuristics: --param ggc-min-expand=100 --param ggc-min-heapsize=131072
ignoring nonexistent directory "/usr/local/include"
ignoring nonexistent directory "/usr/lib/gcc/x86_64-pc-linux-gnu/11/../../../../x86_64-pc-linux-gnu/include"
#include "..." search starts here:
#include <...> search starts here:
 /usr/lib/gcc/x86_64-pc-linux-gnu/11/include/g++-v11
 /usr/lib/gcc/x86_64-pc-linux-gnu/11/include/g++-v11/x86_64-pc-linux-gnu
 /usr/lib/gcc/x86_64-pc-linux-gnu/11/include/g++-v11/backward
 /usr/lib/gcc/x86_64-pc-linux-gnu/11/include
 /usr/lib/gcc/x86_64-pc-linux-gnu/11/include-fixed
 /usr/include
End of search list.
GNU C++17 (Gentoo 11.3.1_p20230120-r1 p7) version 11.3.1 20230120 (x86_64-pc-linux-gnu)
	compiled by GNU C version 11.3.1 20230120, GMP version 6.2.1, MPFR version 4.2.0, MPC version 1.3.1, isl version none
GGC heuristics: --param ggc-min-expand=100 --param ggc-min-heapsize=131072
Compiler executable checksum: f1da0b2c86f3f7f3cdd8385c4130e174
COLLECT_GCC_OPTIONS='-v' '-o' 'CMakeFiles/cmTC_bfb6b.dir/CMakeCXXCompilerABI.cpp.o' '-c' '-shared-libgcc' '-mtune=generic' '-march=x86-64' '-dumpdir' 'CMakeFiles/cmTC_bfb6b.dir/'
 /usr/lib/gcc/x86_64-pc-linux-gnu/11/../../../../x86_64-pc-linux-gnu/bin/as -v --64 -o CMakeFiles/cmTC_bfb6b.dir/CMakeCXXCompilerABI.cpp.o /tmp/cc6YehmP.s
GNU assembler version 2.39.0 (x86_64-pc-linux-gnu) using BFD version (Gentoo 2.39 p5) 2.39.0
COMPILER_PATH=/usr/libexec/gcc/x86_64-pc-linux-gnu/11/:/usr/libexec/gcc/x86_64-pc-linux-gnu/11/:/usr/libexec/gcc/x86_64-pc-linux-gnu/:/usr/lib/gcc/x86_64-pc-linux-gnu/11/:/usr/lib/gcc/x86_64-pc-linux-gnu/:/usr/lib/gcc/x86_64-pc-linux-gnu/11/../../../../x86_64-pc-linux-gnu/bin/
LIBRARY_PATH=/usr/lib/gcc/x86_64-pc-linux-gnu/11/:/usr/lib/gcc/x86_64-pc-linux-gnu/11/../../../../lib64/:/lib/../lib64/:/usr/lib/../lib64/:/usr/lib/gcc/x86_64-pc-linux-gnu/11/../../../../x86_64-pc-linux-gnu/lib/:/usr/lib/gcc/x86_64-pc-linux-gnu/11/../../../:/lib/:/usr/lib/
COLLECT_GCC_OPTIONS='-v' '-o' 'CMakeFiles/cmTC_bfb6b.dir/CMakeCXXCompilerABI.cpp.o' '-c' '-shared-libgcc' '-mtune=generic' '-march=x86-64' '-dumpdir' 'CMakeFiles/cmTC_bfb6b.dir/CMakeCXXCompilerABI.cpp.'
Linking CXX executable cmTC_bfb6b
/home/jungyoon/.miniconda3/bin/cmake -E cmake_link_script CMakeFiles/cmTC_bfb6b.dir/link.txt --verbose=1
/usr/bin/c++  -v CMakeFiles/cmTC_bfb6b.dir/CMakeCXXCompilerABI.cpp.o -o cmTC_bfb6b 
Using built-in specs.
COLLECT_GCC=/usr/bin/c++
COLLECT_LTO_WRAPPER=/usr/libexec/gcc/x86_64-pc-linux-gnu/11/lto-wrapper
Target: x86_64-pc-linux-gnu
Configured with: /var/tmp/portage/sys-devel/gcc-11.3.1_p20230120-r1/work/gcc-11-20230120/configure --host=x86_64-pc-linux-gnu --build=x86_64-pc-linux-gnu --prefix=/usr --bindir=/usr/x86_64-pc-linux-gnu/gcc-bin/11 --includedir=/usr/lib/gcc/x86_64-pc-linux-gnu/11/include --datadir=/usr/share/gcc-data/x86_64-pc-linux-gnu/11 --mandir=/usr/share/gcc-data/x86_64-pc-linux-gnu/11/man --infodir=/usr/share/gcc-data/x86_64-pc-linux-gnu/11/info --with-gxx-include-dir=/usr/lib/gcc/x86_64-pc-linux-gnu/11/include/g++-v11 --with-python-dir=/share/gcc-data/x86_64-pc-linux-gnu/11/python --enable-languages=c,c++,fortran --enable-obsolete --enable-secureplt --disable-werror --with-system-zlib --enable-nls --without-included-gettext --disable-libunwind-exceptions --enable-checking=release --with-bugurl=https://bugs.gentoo.org/ --with-pkgversion='Gentoo 11.3.1_p20230120-r1 p7' --with-gcc-major-version-only --disable-esp --enable-libstdcxx-time --enable-lto --disable-libstdcxx-pch --enable-shared --enable-threads=posix --enable-__cxa_atexit --enable-clocale=gnu --enable-multilib --with-multilib-list=m32,m64 --disable-fixed-point --enable-targets=all --enable-libgomp --disable-libssp --disable-libada --disable-cet --disable-systemtap --disable-valgrind-annotations --disable-vtable-verify --disable-libvtv --without-zstd --without-isl --enable-default-pie --enable-default-ssp
Thread model: posix
Supported LTO compression algorithms: zlib
gcc version 11.3.1 20230120 (Gentoo 11.3.1_p20230120-r1 p7) 
COMPILER_PATH=/usr/libexec/gcc/x86_64-pc-linux-gnu/11/:/usr/libexec/gcc/x86_64-pc-linux-gnu/11/:/usr/libexec/gcc/x86_64-pc-linux-gnu/:/usr/lib/gcc/x86_64-pc-linux-gnu/11/:/usr/lib/gcc/x86_64-pc-linux-gnu/:/usr/lib/gcc/x86_64-pc-linux-gnu/11/../../../../x86_64-pc-linux-gnu/bin/
LIBRARY_PATH=/usr/lib/gcc/x86_64-pc-linux-gnu/11/:/usr/lib/gcc/x86_64-pc-linux-gnu/11/../../../../lib64/:/lib/../lib64/:/usr/lib/../lib64/:/usr/lib/gcc/x86_64-pc-linux-gnu/11/../../../../x86_64-pc-linux-gnu/lib/:/usr/lib/gcc/x86_64-pc-linux-gnu/11/../../../:/lib/:/usr/lib/
COLLECT_GCC_OPTIONS='-v' '-o' 'cmTC_bfb6b' '-shared-libgcc' '-mtune=generic' '-march=x86-64' '-dumpdir' 'cmTC_bfb6b.'
 /usr/libexec/gcc/x86_64-pc-linux-gnu/11/collect2 -plugin /usr/libexec/gcc/x86_64-pc-linux-gnu/11/liblto_plugin.so -plugin-opt=/usr/libexec/gcc/x86_64-pc-linux-gnu/11/lto-wrapper -plugin-opt=-fresolution=/tmp/ccxr9EGj.res -plugin-opt=-pass-through=-lgcc_s -plugin-opt=-pass-through=-lgcc -plugin-opt=-pass-through=-lc -plugin-opt=-pass-through=-lgcc_s -plugin-opt=-pass-through=-lgcc --eh-frame-hdr -m elf_x86_64 -dynamic-linker /lib64/ld-linux-x86-64.so.2 -pie -o cmTC_bfb6b /usr/lib/gcc/x86_64-pc-linux-gnu/11/../../../../lib64/Scrt1.o /usr/lib/gcc/x86_64-pc-linux-gnu/11/../../../../lib64/crti.o /usr/lib/gcc/x86_64-pc-linux-gnu/11/crtbeginS.o -L/usr/lib/gcc/x86_64-pc-linux-gnu/11 -L/usr/lib/gcc/x86_64-pc-linux-gnu/11/../../../../lib64 -L/lib/../lib64 -L/usr/lib/../lib64 -L/usr/lib/gcc/x86_64-pc-linux-gnu/11/../../../../x86_64-pc-linux-gnu/lib -L/usr/lib/gcc/x86_64-pc-linux-gnu/11/../../.. CMakeFiles/cmTC_bfb6b.dir/CMakeCXXCompilerABI.cpp.o -lstdc++ -lm -lgcc_s -lgcc -lc -lgcc_s -lgcc /usr/lib/gcc/x86_64-pc-linux-gnu/11/crtendS.o /usr/lib/gcc/x86_64-pc-linux-gnu/11/../../../../lib64/crtn.o
COLLECT_GCC_OPTIONS='-v' '-o' 'cmTC_bfb6b' '-shared-libgcc' '-mtune=generic' '-march=x86-64' '-dumpdir' 'cmTC_bfb6b.'
gmake[1]: Leaving directory '/home/jungyoon/workspace/quicdoq/CMakeFiles/CMakeTmp'



Parsed CXX implicit include dir info from above output: rv=done
  found start of include info
  found start of implicit include info
    add: [/usr/lib/gcc/x86_64-pc-linux-gnu/11/include/g++-v11]
    add: [/usr/lib/gcc/x86_64-pc-linux-gnu/11/include/g++-v11/x86_64-pc-linux-gnu]
    add: [/usr/lib/gcc/x86_64-pc-linux-gnu/11/include/g++-v11/backward]
    add: [/usr/lib/gcc/x86_64-pc-linux-gnu/11/include]
    add: [/usr/lib/gcc/x86_64-pc-linux-gnu/11/include-fixed]
    add: [/usr/include]
  end of search list found
  collapse include dir [/usr/lib/gcc/x86_64-pc-linux-gnu/11/include/g++-v11] ==> [/usr/lib/gcc/x86_64-pc-linux-gnu/11/include/g++-v11]
  collapse include dir [/usr/lib/gcc/x86_64-pc-linux-gnu/11/include/g++-v11/x86_64-pc-linux-gnu] ==> [/usr/lib/gcc/x86_64-pc-linux-gnu/11/include/g++-v11/x86_64-pc-linux-gnu]
  collapse include dir [/usr/lib/gcc/x86_64-pc-linux-gnu/11/include/g++-v11/backward] ==> [/usr/lib/gcc/x86_64-pc-linux-gnu/11/include/g++-v11/backward]
  collapse include dir [/usr/lib/gcc/x86_64-pc-linux-gnu/11/include] ==> [/usr/lib/gcc/x86_64-pc-linux-gnu/11/include]
  collapse include dir [/usr/lib/gcc/x86_64-pc-linux-gnu/11/include-fixed] ==> [/usr/lib/gcc/x86_64-pc-linux-gnu/11/include-fixed]
  collapse include dir [/usr/include] ==> [/usr/include]
  implicit include dirs: [/usr/lib/gcc/x86_64-pc-linux-gnu/11/include/g++-v11;/usr/lib/gcc/x86_64-pc-linux-gnu/11/include/g++-v11/x86_64-pc-linux-gnu;/usr/lib/gcc/x86_64-pc-linux-gnu/11/include/g++-v11/backward;/usr/lib/gcc/x86_64-pc-linux-gnu/11/include;/usr/lib/gcc/x86_64-pc-linux-gnu/11/include-fixed;/usr/include]


Parsed CXX implicit link information from above output:
  link line regex: [^( *|.*[/\])(ld|CMAKE_LINK_STARTFILE-NOTFOUND|([^/\]+-)?ld|collect2)[^/\]*( |$)]
  ignore line: [Change Dir: /home/jungyoon/workspace/quicdoq/CMakeFiles/CMakeTmp]
  ignore line: []
  ignore line: [Run Build Command(s):/usr/bin/gmake -f Makefile cmTC_bfb6b/fast && /usr/bin/gmake  -f CMakeFiles/cmTC_bfb6b.dir/build.make CMakeFiles/cmTC_bfb6b.dir/build]
  ignore line: [gmake[1]: Entering directory '/home/jungyoon/workspace/quicdoq/CMakeFiles/CMakeTmp']
  ignore line: [Building CXX object CMakeFiles/cmTC_bfb6b.dir/CMakeCXXCompilerABI.cpp.o]
  ignore line: [/usr/bin/c++   -v -o CMakeFiles/cmTC_bfb6b.dir/CMakeCXXCompilerABI.cpp.o -c /home/jungyoon/.miniconda3/share/cmake-3.22/Modules/CMakeCXXCompilerABI.cpp]
  ignore line: [Using built-in specs.]
  ignore line: [COLLECT_GCC=/usr/bin/c++]
  ignore line: [Target: x86_64-pc-linux-gnu]
  ignore line: [Configured with: /var/tmp/portage/sys-devel/gcc-11.3.1_p20230120-r1/work/gcc-11-20230120/configure --host=x86_64-pc-linux-gnu --build=x86_64-pc-linux-gnu --prefix=/usr --bindir=/usr/x86_64-pc-linux-gnu/gcc-bin/11 --includedir=/usr/lib/gcc/x86_64-pc-linux-gnu/11/include --datadir=/usr/share/gcc-data/x86_64-pc-linux-gnu/11 --mandir=/usr/share/gcc-data/x86_64-pc-linux-gnu/11/man --infodir=/usr/share/gcc-data/x86_64-pc-linux-gnu/11/info --with-gxx-include-dir=/usr/lib/gcc/x86_64-pc-linux-gnu/11/include/g++-v11 --with-python-dir=/share/gcc-data/x86_64-pc-linux-gnu/11/python --enable-languages=c c++ fortran --enable-obsolete --enable-secureplt --disable-werror --with-system-zlib --enable-nls --without-included-gettext --disable-libunwind-exceptions --enable-checking=release --with-bugurl=https://bugs.gentoo.org/ --with-pkgversion='Gentoo 11.3.1_p20230120-r1 p7' --with-gcc-major-version-only --disable-esp --enable-libstdcxx-time --enable-lto --disable-libstdcxx-pch --enable-shared --enable-threads=posix --enable-__cxa_atexit --enable-clocale=gnu --enable-multilib --with-multilib-list=m32 m64 --disable-fixed-point --enable-targets=all --enable-libgomp --disable-libssp --disable-libada --disable-cet --disable-systemtap --disable-valgrind-annotations --disable-vtable-verify --disable-libvtv --without-zstd --without-isl --enable-default-pie --enable-default-ssp]
  ignore line: [Thread model: posix]
  ignore line: [Supported LTO compression algorithms: zlib]
  ignore line: [gcc version 11.3.1 20230120 (Gentoo 11.3.1_p20230120-r1 p7) ]
  ignore line: [COLLECT_GCC_OPTIONS='-v' '-o' 'CMakeFiles/cmTC_bfb6b.dir/CMakeCXXCompilerABI.cpp.o' '-c' '-shared-libgcc' '-mtune=generic' '-march=x86-64' '-dumpdir' 'CMakeFiles/cmTC_bfb6b.dir/']
  ignore line: [ /usr/libexec/gcc/x86_64-pc-linux-gnu/11/cc1plus -quiet -v -D_GNU_SOURCE /home/jungyoon/.miniconda3/share/cmake-3.22/Modules/CMakeCXXCompilerABI.cpp -quiet -dumpdir CMakeFiles/cmTC_bfb6b.dir/ -dumpbase CMakeCXXCompilerABI.cpp.cpp -dumpbase-ext .cpp -mtune=generic -march=x86-64 -version -o /tmp/cc6YehmP.s]
  ignore line: [GNU C++17 (Gentoo 11.3.1_p20230120-r1 p7) version 11.3.1 20230120 (x86_64-pc-linux-gnu)]
  ignore line: [	compiled by GNU C version 11.3.1 20230120  GMP version 6.2.1  MPFR version 4.2.0  MPC version 1.3.1  isl version none]
  ignore line: [GGC heuristics: --param ggc-min-expand=100 --param ggc-min-heapsize=131072]
  ignore line: [ignoring nonexistent directory "/usr/local/include"]
  ignore line: [ignoring nonexistent directory "/usr/lib/gcc/x86_64-pc-linux-gnu/11/../../../../x86_64-pc-linux-gnu/include"]
  ignore line: [#include "..." search starts here:]
  ignore line: [#include <...> search starts here:]
  ignore line: [ /usr/lib/gcc/x86_64-pc-linux-gnu/11/include/g++-v11]
  ignore line: [ /usr/lib/gcc/x86_64-pc-linux-gnu/11/include/g++-v11/x86_64-pc-linux-gnu]
  ignore line: [ /usr/lib/gcc/x86_64-pc-linux-gnu/11/include/g++-v11/backward]
  ignore line: [ /usr/lib/gcc/x86_64-pc-linux-gnu/11/include]
  ignore line: [ /usr/lib/gcc/x86_64-pc-linux-gnu/11/include-fixed]
  ignore line: [ /usr/include]
  ignore line: [End of search list.]
  ignore line: [GNU C++17 (Gentoo 11.3.1_p20230120-r1 p7) version 11.3.1 20230120 (x86_64-pc-linux-gnu)]
  ignore line: [	compiled by GNU C version 11.3.1 20230120  GMP version 6.2.1  MPFR version 4.2.0  MPC version 1.3.1  isl version none]
  ignore line: [GGC heuristics: --param ggc-min-expand=100 --param ggc-min-heapsize=131072]
  ignore line: [Compiler executable checksum: f1da0b2c86f3f7f3cdd8385c4130e174]
  ignore line: [COLLECT_GCC_OPTIONS='-v' '-o' 'CMakeFiles/cmTC_bfb6b.dir/CMakeCXXCompilerABI.cpp.o' '-c' '-shared-libgcc' '-mtune=generic' '-march=x86-64' '-dumpdir' 'CMakeFiles/cmTC_bfb6b.dir/']
  ignore line: [ /usr/lib/gcc/x86_64-pc-linux-gnu/11/../../../../x86_64-pc-linux-gnu/bin/as -v --64 -o CMakeFiles/cmTC_bfb6b.dir/CMakeCXXCompilerABI.cpp.o /tmp/cc6YehmP.s]
  ignore line: [GNU assembler version 2.39.0 (x86_64-pc-linux-gnu) using BFD version (Gentoo 2.39 p5) 2.39.0]
  ignore line: [COMPILER_PATH=/usr/libexec/gcc/x86_64-pc-linux-gnu/11/:/usr/libexec/gcc/x86_64-pc-linux-gnu/11/:/usr/libexec/gcc/x86_64-pc-linux-gnu/:/usr/lib/gcc/x86_64-pc-linux-gnu/11/:/usr/lib/gcc/x86_64-pc-linux-gnu/:/usr/lib/gcc/x86_64-pc-linux-gnu/11/../../../../x86_64-pc-linux-gnu/bin/]
  ignore line: [LIBRARY_PATH=/usr/lib/gcc/x86_64-pc-linux-gnu/11/:/usr/lib/gcc/x86_64-pc-linux-gnu/11/../../../../lib64/:/lib/../lib64/:/usr/lib/../lib64/:/usr/lib/gcc/x86_64-pc-linux-gnu/11/../../../../x86_64-pc-linux-gnu/lib/:/usr/lib/gcc/x86_64-pc-linux-gnu/11/../../../:/lib/:/usr/lib/]
  ignore line: [COLLECT_GCC_OPTIONS='-v' '-o' 'CMakeFiles/cmTC_bfb6b.dir/CMakeCXXCompilerABI.cpp.o' '-c' '-shared-libgcc' '-mtune=generic' '-march=x86-64' '-dumpdir' 'CMakeFiles/cmTC_bfb6b.dir/CMakeCXXCompilerABI.cpp.']
  ignore line: [Linking CXX executable cmTC_bfb6b]
  ignore line: [/home/jungyoon/.miniconda3/bin/cmake -E cmake_link_script CMakeFiles/cmTC_bfb6b.dir/link.txt --verbose=1]
  ignore line: [/usr/bin/c++  -v CMakeFiles/cmTC_bfb6b.dir/CMakeCXXCompilerABI.cpp.o -o cmTC_bfb6b ]
  ignore line: [Using built-in specs.]
  ignore line: [COLLECT_GCC=/usr/bin/c++]
  ignore line: [COLLECT_LTO_WRAPPER=/usr/libexec/gcc/x86_64-pc-linux-gnu/11/lto-wrapper]
  ignore line: [Target: x86_64-pc-linux-gnu]
  ignore line: [Configured with: /var/tmp/portage/sys-devel/gcc-11.3.1_p20230120-r1/work/gcc-11-20230120/configure --host=x86_64-pc-linux-gnu --build=x86_64-pc-linux-gnu --prefix=/usr --bindir=/usr/x86_64-pc-linux-gnu/gcc-bin/11 --includedir=/usr/lib/gcc/x86_64-pc-linux-gnu/11/include --datadir=/usr/share/gcc-data/x86_64-pc-linux-gnu/11 --mandir=/usr/share/gcc-data/x86_64-pc-linux-gnu/11/man --infodir=/usr/share/gcc-data/x86_64-pc-linux-gnu/11/info --with-gxx-include-dir=/usr/lib/gcc/x86_64-pc-linux-gnu/11/include/g++-v11 --with-python-dir=/share/gcc-data/x86_64-pc-linux-gnu/11/python --enable-languages=c c++ fortran --enable-obsolete --enable-secureplt --disable-werror --with-system-zlib --enable-nls --without-included-gettext --disable-libunwind-exceptions --enable-checking=release --with-bugurl=https://bugs.gentoo.org/ --with-pkgversion='Gentoo 11.3.1_p20230120-r1 p7' --with-gcc-major-version-only --disable-esp --enable-libstdcxx-time --enable-lto --disable-libstdcxx-pch --enable-shared --enable-threads=posix --enable-__cxa_atexit --enable-clocale=gnu --enable-multilib --with-multilib-list=m32 m64 --disable-fixed-point --enable-targets=all --enable-libgomp --disable-libssp --disable-libada --disable-cet --disable-systemtap --disable-valgrind-annotations --disable-vtable-verify --disable-libvtv --without-zstd --without-isl --enable-default-pie --enable-default-ssp]
  ignore line: [Thread model: posix]
  ignore line: [Supported LTO compression algorithms: zlib]
  ignore line: [gcc version 11.3.1 20230120 (Gentoo 11.3.1_p20230120-r1 p7) ]
  ignore line: [COMPILER_PATH=/usr/libexec/gcc/x86_64-pc-linux-gnu/11/:/usr/libexec/gcc/x86_64-pc-linux-gnu/11/:/usr/libexec/gcc/x86_64-pc-linux-gnu/:/usr/lib/gcc/x86_64-pc-linux-gnu/11/:/usr/lib/gcc/x86_64-pc-linux-gnu/:/usr/lib/gcc/x86_64-pc-linux-gnu/11/../../../../x86_64-pc-linux-gnu/bin/]
  ignore line: [LIBRARY_PATH=/usr/lib/gcc/x86_64-pc-linux-gnu/11/:/usr/lib/gcc/x86_64-pc-linux-gnu/11/../../../../lib64/:/lib/../lib64/:/usr/lib/../lib64/:/usr/lib/gcc/x86_64-pc-linux-gnu/11/../../../../x86_64-pc-linux-gnu/lib/:/usr/lib/gcc/x86_64-pc-linux-gnu/11/../../../:/lib/:/usr/lib/]
  ignore line: [COLLECT_GCC_OPTIONS='-v' '-o' 'cmTC_bfb6b' '-shared-libgcc' '-mtune=generic' '-march=x86-64' '-dumpdir' 'cmTC_bfb6b.']
  link line: [ /usr/libexec/gcc/x86_64-pc-linux-gnu/11/collect2 -plugin /usr/libexec/gcc/x86_64-pc-linux-gnu/11/liblto_plugin.so -plugin-opt=/usr/libexec/gcc/x86_64-pc-linux-gnu/11/lto-wrapper -plugin-opt=-fresolution=/tmp/ccxr9EGj.res -plugin-opt=-pass-through=-lgcc_s -plugin-opt=-pass-through=-lgcc -plugin-opt=-pass-through=-lc -plugin-opt=-pass-through=-lgcc_s -plugin-opt=-pass-through=-lgcc --eh-frame-hdr -m elf_x86_64 -dynamic-linker /lib64/ld-linux-x86-64.so.2 -pie -o cmTC_bfb6b /usr/lib/gcc/x86_64-pc-linux-gnu/11/../../../../lib64/Scrt1.o /usr/lib/gcc/x86_64-pc-linux-gnu/11/../../../../lib64/crti.o /usr/lib/gcc/x86_64-pc-linux-gnu/11/crtbeginS.o -L/usr/lib/gcc/x86_64-pc-linux-gnu/11 -L/usr/lib/gcc/x86_64-pc-linux-gnu/11/../../../../lib64 -L/lib/../lib64 -L/usr/lib/../lib64 -L/usr/lib/gcc/x86_64-pc-linux-gnu/11/../../../../x86_64-pc-linux-gnu/lib -L/usr/lib/gcc/x86_64-pc-linux-gnu/11/../../.. CMakeFiles/cmTC_bfb6b.dir/CMakeCXXCompilerABI.cpp.o -lstdc++ -lm -lgcc_s -lgcc -lc -lgcc_s -lgcc /usr/lib/gcc/x86_64-pc-linux-gnu/11/crtendS.o /usr/lib/gcc/x86_64-pc-linux-gnu/11/../../../../lib64/crtn.o]
    arg [/usr/libexec/gcc/x86_64-pc-linux-gnu/11/collect2] ==> ignore
    arg [-plugin] ==> ignore
    arg [/usr/libexec/gcc/x86_64-pc-linux-gnu/11/liblto_plugin.so] ==> ignore
    arg [-plugin-opt=/usr/libexec/gcc/x86_64-pc-linux-gnu/11/lto-wrapper] ==> ignore
    arg [-plugin-opt=-fresolution=/tmp/ccxr9EGj.res] ==> ignore
    arg [-plugin-opt=-pass-through=-lgcc_s] ==> ignore
    arg [-plugin-opt=-pass-through=-lgcc] ==> ignore
    arg [-plugin-opt=-pass-through=-lc] ==> ignore
    arg [-plugin-opt=-pass-through=-lgcc_s] ==> ignore
    arg [-plugin-opt=-pass-through=-lgcc] ==> ignore
    arg [--eh-frame-hdr] ==> ignore
    arg [-m] ==> ignore
    arg [elf_x86_64] ==> ignore
    arg [-dynamic-linker] ==> ignore
    arg [/lib64/ld-linux-x86-64.so.2] ==> ignore
    arg [-pie] ==> ignore
    arg [-o] ==> ignore
    arg [cmTC_bfb6b] ==> ignore
    arg [/usr/lib/gcc/x86_64-pc-linux-gnu/11/../../../../lib64/Scrt1.o] ==> obj [/usr/lib/gcc/x86_64-pc-linux-gnu/11/../../../../lib64/Scrt1.o]
    arg [/usr/lib/gcc/x86_64-pc-linux-gnu/11/../../../../lib64/crti.o] ==> obj [/usr/lib/gcc/x86_64-pc-linux-gnu/11/../../../../lib64/crti.o]
    arg [/usr/lib/gcc/x86_64-pc-linux-gnu/11/crtbeginS.o] ==> obj [/usr/lib/gcc/x86_64-pc-linux-gnu/11/crtbeginS.o]
    arg [-L/usr/lib/gcc/x86_64-pc-linux-gnu/11] ==> dir [/usr/lib/gcc/x86_64-pc-linux-gnu/11]
    arg [-L/usr/lib/gcc/x86_64-pc-linux-gnu/11/../../../../lib64] ==> dir [/usr/lib/gcc/x86_64-pc-linux-gnu/11/../../../../lib64]
    arg [-L/lib/../lib64] ==> dir [/lib/../lib64]
    arg [-L/usr/lib/../lib64] ==> dir [/usr/lib/../lib64]
    arg [-L/usr/lib/gcc/x86_64-pc-linux-gnu/11/../../../../x86_64-pc-linux-gnu/lib] ==> dir [/usr/lib/gcc/x86_64-pc-linux-gnu/11/../../../../x86_64-pc-linux-gnu/lib]
    arg [-L/usr/lib/gcc/x86_64-pc-linux-gnu/11/../../..] ==> dir [/usr/lib/gcc/x86_64-pc-linux-gnu/11/../../..]
    arg [CMakeFiles/cmTC_bfb6b.dir/CMakeCXXCompilerABI.cpp.o] ==> ignore
    arg [-lstdc++] ==> lib [stdc++]
    arg [-lm] ==> lib [m]
    arg [-lgcc_s] ==> lib [gcc_s]
    arg [-lgcc] ==> lib [gcc]
    arg [-lc] ==> lib [c]
    arg [-lgcc_s] ==> lib [gcc_s]
    arg [-lgcc] ==> lib [gcc]
    arg [/usr/lib/gcc/x86_64-pc-linux-gnu/11/crtendS.o] ==> obj [/usr/lib/gcc/x86_64-pc-linux-gnu/11/crtendS.o]
    arg [/usr/lib/gcc/x86_64-pc-linux-gnu/11/../../../../lib64/crtn.o] ==> obj [/usr/lib/gcc/x86_64-pc-linux-gnu/11/../../../../lib64/crtn.o]
  collapse obj [/usr/lib/gcc/x86_64-pc-linux-gnu/11/../../../../lib64/Scrt1.o] ==> [/usr/lib64/Scrt1.o]
  collapse obj [/usr/lib/gcc/x86_64-pc-linux-gnu/11/../../../../lib64/crti.o] ==> [/usr/lib64/crti.o]
  collapse obj [/usr/lib/gcc/x86_64-pc-linux-gnu/11/../../../../lib64/crtn.o] ==> [/usr/lib64/crtn.o]
  collapse library dir [/usr/lib/gcc/x86_64-pc-linux-gnu/11] ==> [/usr/lib/gcc/x86_64-pc-linux-gnu/11]
  collapse library dir [/usr/lib/gcc/x86_64-pc-linux-gnu/11/../../../../lib64] ==> [/usr/lib64]
  collapse library dir [/lib/../lib64] ==> [/lib64]
  collapse library dir [/usr/lib/../lib64] ==> [/usr/lib64]
  collapse library dir [/usr/lib/gcc/x86_64-pc-linux-gnu/11/../../../../x86_64-pc-linux-gnu/lib] ==> [/usr/x86_64-pc-linux-gnu/lib]
  collapse library dir [/usr/lib/gcc/x86_64-pc-linux-gnu/11/../../..] ==> [/usr/lib]
  implicit libs: [stdc++;m;gcc_s;gcc;c;gcc_s;gcc]
  implicit objs: [/usr/lib64/Scrt1.o;/usr/lib64/crti.o;/usr/lib/gcc/x86_64-pc-linux-gnu/11/crtbeginS.o;/usr/lib/gcc/x86_64-pc-linux-gnu/11/crtendS.o;/usr/lib64/crtn.o]
  implicit dirs: [/usr/lib/gcc/x86_64-pc-linux-gnu/11;/usr/lib64;/lib64;/usr/x86_64-pc-linux-gnu/lib;/usr/lib]
  implicit fwks: []


Determining if the include file pthread.h exists passed with the following output:
Change Dir: /home/jungyoon/workspace/quicdoq/CMakeFiles/CMakeTmp

Run Build Command(s):/usr/bin/gmake -f Makefile cmTC_daa86/fast && /usr/bin/gmake  -f CMakeFiles/cmTC_daa86.dir/build.make CMakeFiles/cmTC_daa86.dir/build
gmake[1]: Entering directory '/home/jungyoon/workspace/quicdoq/CMakeFiles/CMakeTmp'
Building C object CMakeFiles/cmTC_daa86.dir/CheckIncludeFile.c.o
/usr/bin/cc    -o CMakeFiles/cmTC_daa86.dir/CheckIncludeFile.c.o -c /home/jungyoon/workspace/quicdoq/CMakeFiles/CMakeTmp/CheckIncludeFile.c
Linking C executable cmTC_daa86
/home/jungyoon/.miniconda3/bin/cmake -E cmake_link_script CMakeFiles/cmTC_daa86.dir/link.txt --verbose=1
/usr/bin/cc CMakeFiles/cmTC_daa86.dir/CheckIncludeFile.c.o -o cmTC_daa86 
gmake[1]: Leaving directory '/home/jungyoon/workspace/quicdoq/CMakeFiles/CMakeTmp'



Performing C SOURCE FILE Test CMAKE_HAVE_LIBC_PTHREAD succeeded with the following output:
Change Dir: /home/jungyoon/workspace/quicdoq/CMakeFiles/CMakeTmp

Run Build Command(s):/usr/bin/gmake -f Makefile cmTC_9015b/fast && /usr/bin/gmake  -f CMakeFiles/cmTC_9015b.dir/build.make CMakeFiles/cmTC_9015b.dir/build
gmake[1]: Entering directory '/home/jungyoon/workspace/quicdoq/CMakeFiles/CMakeTmp'
Building C object CMakeFiles/cmTC_9015b.dir/src.c.o
/usr/bin/cc -DCMAKE_HAVE_LIBC_PTHREAD   -o CMakeFiles/cmTC_9015b.dir/src.c.o -c /home/jungyoon/workspace/quicdoq/CMakeFiles/CMakeTmp/src.c
Linking C executable cmTC_9015b
/home/jungyoon/.miniconda3/bin/cmake -E cmake_link_script CMakeFiles/cmTC_9015b.dir/link.txt --verbose=1
/usr/bin/cc CMakeFiles/cmTC_9015b.dir/src.c.o -o cmTC_9015b 
gmake[1]: Leaving directory '/home/jungyoon/workspace/quicdoq/CMakeFiles/CMakeTmp'


Source file was:
#include <pthread.h>

static void* test_func(void* data)
{
  return data;
}

int main(void)
{
  pthread_t thread;
  pthread_create(&thread, NULL, test_func, NULL);
  pthread_detach(thread);
  pthread_cancel(thread);
  pthread_join(thread, NULL);
  pthread_atfork(NULL, NULL, NULL);
  pthread_exit(NULL);

  return 0;
}

The system is: Linux - 6.1.19-gentoo-x86_64 - x86_64
Compiling the C compiler identification source file "CMakeCCompilerId.c" succeeded.
Compiler: /usr/bin/cc 
Build flags: 
Id flags:  

The output was:
0


Compilation of the C compiler identification source "CMakeCCompilerId.c" produced "a.out"

The C compiler identification is GNU, found in "/home/jungyoon/workspace/quic/quicdoq/CMakeFiles/3.22.1/CompilerIdC/a.out"

Compiling the CXX compiler identification source file "CMakeCXXCompilerId.cpp" succeeded.
Compiler: /usr/bin/c++ 
Build flags: 
Id flags:  

The output was:
0


Compilation of the CXX compiler identification source "CMakeCXXCompilerId.cpp" produced "a.out"

The CXX compiler identification is GNU, found in "/home/jungyoon/workspace/quic/quicdoq/CMakeFiles/3.22.1/CompilerIdCXX/a.out"

Detecting C compiler ABI info compiled with the following output:
Change Dir: /home/jungyoon/workspace/quic/quicdoq/CMakeFiles/CMakeTmp

Run Build Command(s):/usr/bin/gmake -f Makefile cmTC_288fc/fast && /usr/bin/gmake  -f CMakeFiles/cmTC_288fc.dir/build.make CMakeFiles/cmTC_288fc.dir/build
gmake[1]: Entering directory '/home/jungyoon/workspace/quic/quicdoq/CMakeFiles/CMakeTmp'
Building C object CMakeFiles/cmTC_288fc.dir/CMakeCCompilerABI.c.o
/usr/bin/cc   -v -o CMakeFiles/cmTC_288fc.dir/CMakeCCompilerABI.c.o -c /home/jungyoon/.miniconda3/share/cmake-3.22/Modules/CMakeCCompilerABI.c
Using built-in specs.
COLLECT_GCC=/usr/bin/cc
Target: x86_64-pc-linux-gnu
Configured with: /var/tmp/portage/sys-devel/gcc-11.3.1_p20230120-r1/work/gcc-11-20230120/configure --host=x86_64-pc-linux-gnu --build=x86_64-pc-linux-gnu --prefix=/usr --bindir=/usr/x86_64-pc-linux-gnu/gcc-bin/11 --includedir=/usr/lib/gcc/x86_64-pc-linux-gnu/11/include --datadir=/usr/share/gcc-data/x86_64-pc-linux-gnu/11 --mandir=/usr/share/gcc-data/x86_64-pc-linux-gnu/11/man --infodir=/usr/share/gcc-data/x86_64-pc-linux-gnu/11/info --with-gxx-include-dir=/usr/lib/gcc/x86_64-pc-linux-gnu/11/include/g++-v11 --with-python-dir=/share/gcc-data/x86_64-pc-linux-gnu/11/python --enable-languages=c,c++,fortran --enable-obsolete --enable-secureplt --disable-werror --with-system-zlib --enable-nls --without-included-gettext --disable-libunwind-exceptions --enable-checking=release --with-bugurl=https://bugs.gentoo.org/ --with-pkgversion='Gentoo 11.3.1_p20230120-r1 p7' --with-gcc-major-version-only --disable-esp --enable-libstdcxx-time --enable-lto --disable-libstdcxx-pch --enable-shared --enable-threads=posix --enable-__cxa_atexit --enable-clocale=gnu --enable-multilib --with-multilib-list=m32,m64 --disable-fixed-point --enable-targets=all --enable-libgomp --disable-libssp --disable-libada --disable-cet --disable-systemtap --disable-valgrind-annotations --disable-vtable-verify --disable-libvtv --without-zstd --without-isl --enable-default-pie --enable-default-ssp
Thread model: posix
Supported LTO compression algorithms: zlib
gcc version 11.3.1 20230120 (Gentoo 11.3.1_p20230120-r1 p7) 
COLLECT_GCC_OPTIONS='-v' '-o' 'CMakeFiles/cmTC_288fc.dir/CMakeCCompilerABI.c.o' '-c' '-mtune=generic' '-march=x86-64' '-dumpdir' 'CMakeFiles/cmTC_288fc.dir/'
 /usr/libexec/gcc/x86_64-pc-linux-gnu/11/cc1 -quiet -v /home/jungyoon/.miniconda3/share/cmake-3.22/Modules/CMakeCCompilerABI.c -quiet -dumpdir CMakeFiles/cmTC_288fc.dir/ -dumpbase CMakeCCompilerABI.c.c -dumpbase-ext .c -mtune=generic -march=x86-64 -version -o /tmp/cc5GdhRo.s
GNU C17 (Gentoo 11.3.1_p20230120-r1 p7) version 11.3.1 20230120 (x86_64-pc-linux-gnu)
	compiled by GNU C version 11.3.1 20230120, GMP version 6.2.1, MPFR version 4.2.0, MPC version 1.3.1, isl version none
GGC heuristics: --param ggc-min-expand=100 --param ggc-min-heapsize=131072
ignoring nonexistent directory "/usr/local/include"
ignoring nonexistent directory "/usr/lib/gcc/x86_64-pc-linux-gnu/11/../../../../x86_64-pc-linux-gnu/include"
#include "..." search starts here:
#include <...> search starts here:
 /usr/lib/gcc/x86_64-pc-linux-gnu/11/include
 /usr/lib/gcc/x86_64-pc-linux-gnu/11/include-fixed
 /usr/include
End of search list.
GNU C17 (Gentoo 11.3.1_p20230120-r1 p7) version 11.3.1 20230120 (x86_64-pc-linux-gnu)
	compiled by GNU C version 11.3.1 20230120, GMP version 6.2.1, MPFR version 4.2.0, MPC version 1.3.1, isl version none
GGC heuristics: --param ggc-min-expand=100 --param ggc-min-heapsize=131072
Compiler executable checksum: 3ba2a2e49c1ee5d5991afe1131aa4cec
COLLECT_GCC_OPTIONS='-v' '-o' 'CMakeFiles/cmTC_288fc.dir/CMakeCCompilerABI.c.o' '-c' '-mtune=generic' '-march=x86-64' '-dumpdir' 'CMakeFiles/cmTC_288fc.dir/'
 /usr/lib/gcc/x86_64-pc-linux-gnu/11/../../../../x86_64-pc-linux-gnu/bin/as -v --64 -o CMakeFiles/cmTC_288fc.dir/CMakeCCompilerABI.c.o /tmp/cc5GdhRo.s
GNU assembler version 2.39.0 (x86_64-pc-linux-gnu) using BFD version (Gentoo 2.39 p5) 2.39.0
COMPILER_PATH=/usr/libexec/gcc/x86_64-pc-linux-gnu/11/:/usr/libexec/gcc/x86_64-pc-linux-gnu/11/:/usr/libexec/gcc/x86_64-pc-linux-gnu/:/usr/lib/gcc/x86_64-pc-linux-gnu/11/:/usr/lib/gcc/x86_64-pc-linux-gnu/:/usr/lib/gcc/x86_64-pc-linux-gnu/11/../../../../x86_64-pc-linux-gnu/bin/
LIBRARY_PATH=/usr/lib/gcc/x86_64-pc-linux-gnu/11/:/usr/lib/gcc/x86_64-pc-linux-gnu/11/../../../../lib64/:/lib/../lib64/:/usr/lib/../lib64/:/usr/lib/gcc/x86_64-pc-linux-gnu/11/../../../../x86_64-pc-linux-gnu/lib/:/usr/lib/gcc/x86_64-pc-linux-gnu/11/../../../:/lib/:/usr/lib/
COLLECT_GCC_OPTIONS='-v' '-o' 'CMakeFiles/cmTC_288fc.dir/CMakeCCompilerABI.c.o' '-c' '-mtune=generic' '-march=x86-64' '-dumpdir' 'CMakeFiles/cmTC_288fc.dir/CMakeCCompilerABI.c.'
Linking C executable cmTC_288fc
/home/jungyoon/.miniconda3/bin/cmake -E cmake_link_script CMakeFiles/cmTC_288fc.dir/link.txt --verbose=1
/usr/bin/cc  -v CMakeFiles/cmTC_288fc.dir/CMakeCCompilerABI.c.o -o cmTC_288fc 
Using built-in specs.
COLLECT_GCC=/usr/bin/cc
COLLECT_LTO_WRAPPER=/usr/libexec/gcc/x86_64-pc-linux-gnu/11/lto-wrapper
Target: x86_64-pc-linux-gnu
Configured with: /var/tmp/portage/sys-devel/gcc-11.3.1_p20230120-r1/work/gcc-11-20230120/configure --host=x86_64-pc-linux-gnu --build=x86_64-pc-linux-gnu --prefix=/usr --bindir=/usr/x86_64-pc-linux-gnu/gcc-bin/11 --includedir=/usr/lib/gcc/x86_64-pc-linux-gnu/11/include --datadir=/usr/share/gcc-data/x86_64-pc-linux-gnu/11 --mandir=/usr/share/gcc-data/x86_64-pc-linux-gnu/11/man --infodir=/usr/share/gcc-data/x86_64-pc-linux-gnu/11/info --with-gxx-include-dir=/usr/lib/gcc/x86_64-pc-linux-gnu/11/include/g++-v11 --with-python-dir=/share/gcc-data/x86_64-pc-linux-gnu/11/python --enable-languages=c,c++,fortran --enable-obsolete --enable-secureplt --disable-werror --with-system-zlib --enable-nls --without-included-gettext --disable-libunwind-exceptions --enable-checking=release --with-bugurl=https://bugs.gentoo.org/ --with-pkgversion='Gentoo 11.3.1_p20230120-r1 p7' --with-gcc-major-version-only --disable-esp --enable-libstdcxx-time --enable-lto --disable-libstdcxx-pch --enable-shared --enable-threads=posix --enable-__cxa_atexit --enable-clocale=gnu --enable-multilib --with-multilib-list=m32,m64 --disable-fixed-point --enable-targets=all --enable-libgomp --disable-libssp --disable-libada --disable-cet --disable-systemtap --disable-valgrind-annotations --disable-vtable-verify --disable-libvtv --without-zstd --without-isl --enable-default-pie --enable-default-ssp
Thread model: posix
Supported LTO compression algorithms: zlib
gcc version 11.3.1 20230120 (Gentoo 11.3.1_p20230120-r1 p7) 
COMPILER_PATH=/usr/libexec/gcc/x86_64-pc-linux-gnu/11/:/usr/libexec/gcc/x86_64-pc-linux-gnu/11/:/usr/libexec/gcc/x86_64-pc-linux-gnu/:/usr/lib/gcc/x86_64-pc-linux-gnu/11/:/usr/lib/gcc/x86_64-pc-linux-gnu/:/usr/lib/gcc/x86_64-pc-linux-gnu/11/../../../../x86_64-pc-linux-gnu/bin/
LIBRARY_PATH=/usr/lib/gcc/x86_64-pc-linux-gnu/11/:/usr/lib/gcc/x86_64-pc-linux-gnu/11/../../../../lib64/:/lib/../lib64/:/usr/lib/../lib64/:/usr/lib/gcc/x86_64-pc-linux-gnu/11/../../../../x86_64-pc-linux-gnu/lib/:/usr/lib/gcc/x86_64-pc-linux-gnu/11/../../../:/lib/:/usr/lib/
COLLECT_GCC_OPTIONS='-v' '-o' 'cmTC_288fc' '-mtune=generic' '-march=x86-64' '-dumpdir' 'cmTC_288fc.'
 /usr/libexec/gcc/x86_64-pc-linux-gnu/11/collect2 -plugin /usr/libexec/gcc/x86_64-pc-linux-gnu/11/liblto_plugin.so -plugin-opt=/usr/libexec/gcc/x86_64-pc-linux-gnu/11/lto-wrapper -plugin-opt=-fresolution=/tmp/ccN4LJHV.res -plugin-opt=-pass-through=-lgcc -plugin-opt=-pass-through=-lgcc_s -plugin-opt=-pass-through=-lc -plugin-opt=-pass-through=-lgcc -plugin-opt=-pass-through=-lgcc_s --eh-frame-hdr -m elf_x86_64 -dynamic-linker /lib64/ld-linux-x86-64.so.2 -pie -o cmTC_288fc /usr/lib/gcc/x86_64-pc-linux-gnu/11/../../../../lib64/Scrt1.o /usr/lib/gcc/x86_64-pc-linux-gnu/11/../../../../lib64/crti.o /usr/lib/gcc/x86_64-pc-linux-gnu/11/crtbeginS.o -L/usr/lib/gcc/x86_64-pc-linux-gnu/11 -L/usr/lib/gcc/x86_64-pc-linux-gnu/11/../../../../lib64 -L/lib/../lib64 -L/usr/lib/../lib64 -L/usr/lib/gcc/x86_64-pc-linux-gnu/11/../../../../x86_64-pc-linux-gnu/lib -L/usr/lib/gcc/x86_64-pc-linux-gnu/11/../../.. CMakeFiles/cmTC_288fc.dir/CMakeCCompilerABI.c.o -lgcc --push-state --as-needed -lgcc_s --pop-state -lc -lgcc --push-state --as-needed -lgcc_s --pop-state /usr/lib/gcc/x86_64-pc-linux-gnu/11/crtendS.o /usr/lib/gcc/x86_64-pc-linux-gnu/11/../../../../lib64/crtn.o
COLLECT_GCC_OPTIONS='-v' '-o' 'cmTC_288fc' '-mtune=generic' '-march=x86-64' '-dumpdir' 'cmTC_288fc.'
gmake[1]: Leaving directory '/home/jungyoon/workspace/quic/quicdoq/CMakeFiles/CMakeTmp'



Parsed C implicit include dir info from above output: rv=done
  found start of include info
  found start of implicit include info
    add: [/usr/lib/gcc/x86_64-pc-linux-gnu/11/include]
    add: [/usr/lib/gcc/x86_64-pc-linux-gnu/11/include-fixed]
    add: [/usr/include]
  end of search list found
  collapse include dir [/usr/lib/gcc/x86_64-pc-linux-gnu/11/include] ==> [/usr/lib/gcc/x86_64-pc-linux-gnu/11/include]
  collapse include dir [/usr/lib/gcc/x86_64-pc-linux-gnu/11/include-fixed] ==> [/usr/lib/gcc/x86_64-pc-linux-gnu/11/include-fixed]
  collapse include dir [/usr/include] ==> [/usr/include]
  implicit include dirs: [/usr/lib/gcc/x86_64-pc-linux-gnu/11/include;/usr/lib/gcc/x86_64-pc-linux-gnu/11/include-fixed;/usr/include]


Parsed C implicit link information from above output:
  link line regex: [^( *|.*[/\])(ld|CMAKE_LINK_STARTFILE-NOTFOUND|([^/\]+-)?ld|collect2)[^/\]*( |$)]
  ignore line: [Change Dir: /home/jungyoon/workspace/quic/quicdoq/CMakeFiles/CMakeTmp]
  ignore line: []
  ignore line: [Run Build Command(s):/usr/bin/gmake -f Makefile cmTC_288fc/fast && /usr/bin/gmake  -f CMakeFiles/cmTC_288fc.dir/build.make CMakeFiles/cmTC_288fc.dir/build]
  ignore line: [gmake[1]: Entering directory '/home/jungyoon/workspace/quic/quicdoq/CMakeFiles/CMakeTmp']
  ignore line: [Building C object CMakeFiles/cmTC_288fc.dir/CMakeCCompilerABI.c.o]
  ignore line: [/usr/bin/cc   -v -o CMakeFiles/cmTC_288fc.dir/CMakeCCompilerABI.c.o -c /home/jungyoon/.miniconda3/share/cmake-3.22/Modules/CMakeCCompilerABI.c]
  ignore line: [Using built-in specs.]
  ignore line: [COLLECT_GCC=/usr/bin/cc]
  ignore line: [Target: x86_64-pc-linux-gnu]
  ignore line: [Configured with: /var/tmp/portage/sys-devel/gcc-11.3.1_p20230120-r1/work/gcc-11-20230120/configure --host=x86_64-pc-linux-gnu --build=x86_64-pc-linux-gnu --prefix=/usr --bindir=/usr/x86_64-pc-linux-gnu/gcc-bin/11 --includedir=/usr/lib/gcc/x86_64-pc-linux-gnu/11/include --datadir=/usr/share/gcc-data/x86_64-pc-linux-gnu/11 --mandir=/usr/share/gcc-data/x86_64-pc-linux-gnu/11/man --infodir=/usr/share/gcc-data/x86_64-pc-linux-gnu/11/info --with-gxx-include-dir=/usr/lib/gcc/x86_64-pc-linux-gnu/11/include/g++-v11 --with-python-dir=/share/gcc-data/x86_64-pc-linux-gnu/11/python --enable-languages=c c++ fortran --enable-obsolete --enable-secureplt --disable-werror --with-system-zlib --enable-nls --without-included-gettext --disable-libunwind-exceptions --enable-checking=release --with-bugurl=https://bugs.gentoo.org/ --with-pkgversion='Gentoo 11.3.1_p20230120-r1 p7' --with-gcc-major-version-only --disable-esp --enable-libstdcxx-time --enable-lto --disable-libstdcxx-pch --enable-shared --enable-threads=posix --enable-__cxa_atexit --enable-clocale=gnu --enable-multilib --with-multilib-list=m32 m64 --disable-fixed-point --enable-targets=all --enable-libgomp --disable-libssp --disable-libada --disable-cet --disable-systemtap --disable-valgrind-annotations --disable-vtable-verify --disable-libvtv --without-zstd --without-isl --enable-default-pie --enable-default-ssp]
  ignore line: [Thread model: posix]
  ignore line: [Supported LTO compression algorithms: zlib]
  ignore line: [gcc version 11.3.1 20230120 (Gentoo 11.3.1_p20230120-r1 p7) ]
  ignore line: [COLLECT_GCC_OPTIONS='-v' '-o' 'CMakeFiles/cmTC_288fc.dir/CMakeCCompilerABI.c.o' '-c' '-mtune=generic' '-march=x86-64' '-dumpdir' 'CMakeFiles/cmTC_288fc.dir/']
  ignore line: [ /usr/libexec/gcc/x86_64-pc-linux-gnu/11/cc1 -quiet -v /home/jungyoon/.miniconda3/share/cmake-3.22/Modules/CMakeCCompilerABI.c -quiet -dumpdir CMakeFiles/cmTC_288fc.dir/ -dumpbase CMakeCCompilerABI.c.c -dumpbase-ext .c -mtune=generic -march=x86-64 -version -o /tmp/cc5GdhRo.s]
  ignore line: [GNU C17 (Gentoo 11.3.1_p20230120-r1 p7) version 11.3.1 20230120 (x86_64-pc-linux-gnu)]
  ignore line: [	compiled by GNU C version 11.3.1 20230120  GMP version 6.2.1  MPFR version 4.2.0  MPC version 1.3.1  isl version none]
  ignore line: [GGC heuristics: --param ggc-min-expand=100 --param ggc-min-heapsize=131072]
  ignore line: [ignoring nonexistent directory "/usr/local/include"]
  ignore line: [ignoring nonexistent directory "/usr/lib/gcc/x86_64-pc-linux-gnu/11/../../../../x86_64-pc-linux-gnu/include"]
  ignore line: [#include "..." search starts here:]
  ignore line: [#include <...> search starts here:]
  ignore line: [ /usr/lib/gcc/x86_64-pc-linux-gnu/11/include]
  ignore line: [ /usr/lib/gcc/x86_64-pc-linux-gnu/11/include-fixed]
  ignore line: [ /usr/include]
  ignore line: [End of search list.]
  ignore line: [GNU C17 (Gentoo 11.3.1_p20230120-r1 p7) version 11.3.1 20230120 (x86_64-pc-linux-gnu)]
  ignore line: [	compiled by GNU C version 11.3.1 20230120  GMP version 6.2.1  MPFR version 4.2.0  MPC version 1.3.1  isl version none]
  ignore line: [GGC heuristics: --param ggc-min-expand=100 --param ggc-min-heapsize=131072]
  ignore line: [Compiler executable checksum: 3ba2a2e49c1ee5d5991afe1131aa4cec]
  ignore line: [COLLECT_GCC_OPTIONS='-v' '-o' 'CMakeFiles/cmTC_288fc.dir/CMakeCCompilerABI.c.o' '-c' '-mtune=generic' '-march=x86-64' '-dumpdir' 'CMakeFiles/cmTC_288fc.dir/']
  ignore line: [ /usr/lib/gcc/x86_64-pc-linux-gnu/11/../../../../x86_64-pc-linux-gnu/bin/as -v --64 -o CMakeFiles/cmTC_288fc.dir/CMakeCCompilerABI.c.o /tmp/cc5GdhRo.s]
  ignore line: [GNU assembler version 2.39.0 (x86_64-pc-linux-gnu) using BFD version (Gentoo 2.39 p5) 2.39.0]
  ignore line: [COMPILER_PATH=/usr/libexec/gcc/x86_64-pc-linux-gnu/11/:/usr/libexec/gcc/x86_64-pc-linux-gnu/11/:/usr/libexec/gcc/x86_64-pc-linux-gnu/:/usr/lib/gcc/x86_64-pc-linux-gnu/11/:/usr/lib/gcc/x86_64-pc-linux-gnu/:/usr/lib/gcc/x86_64-pc-linux-gnu/11/../../../../x86_64-pc-linux-gnu/bin/]
  ignore line: [LIBRARY_PATH=/usr/lib/gcc/x86_64-pc-linux-gnu/11/:/usr/lib/gcc/x86_64-pc-linux-gnu/11/../../../../lib64/:/lib/../lib64/:/usr/lib/../lib64/:/usr/lib/gcc/x86_64-pc-linux-gnu/11/../../../../x86_64-pc-linux-gnu/lib/:/usr/lib/gcc/x86_64-pc-linux-gnu/11/../../../:/lib/:/usr/lib/]
  ignore line: [COLLECT_GCC_OPTIONS='-v' '-o' 'CMakeFiles/cmTC_288fc.dir/CMakeCCompilerABI.c.o' '-c' '-mtune=generic' '-march=x86-64' '-dumpdir' 'CMakeFiles/cmTC_288fc.dir/CMakeCCompilerABI.c.']
  ignore line: [Linking C executable cmTC_288fc]
  ignore line: [/home/jungyoon/.miniconda3/bin/cmake -E cmake_link_script CMakeFiles/cmTC_288fc.dir/link.txt --verbose=1]
  ignore line: [/usr/bin/cc  -v CMakeFiles/cmTC_288fc.dir/CMakeCCompilerABI.c.o -o cmTC_288fc ]
  ignore line: [Using built-in specs.]
  ignore line: [COLLECT_GCC=/usr/bin/cc]
  ignore line: [COLLECT_LTO_WRAPPER=/usr/libexec/gcc/x86_64-pc-linux-gnu/11/lto-wrapper]
  ignore line: [Target: x86_64-pc-linux-gnu]
  ignore line: [Configured with: /var/tmp/portage/sys-devel/gcc-11.3.1_p20230120-r1/work/gcc-11-20230120/configure --host=x86_64-pc-linux-gnu --build=x86_64-pc-linux-gnu --prefix=/usr --bindir=/usr/x86_64-pc-linux-gnu/gcc-bin/11 --includedir=/usr/lib/gcc/x86_64-pc-linux-gnu/11/include --datadir=/usr/share/gcc-data/x86_64-pc-linux-gnu/11 --mandir=/usr/share/gcc-data/x86_64-pc-linux-gnu/11/man --infodir=/usr/share/gcc-data/x86_64-pc-linux-gnu/11/info --with-gxx-include-dir=/usr/lib/gcc/x86_64-pc-linux-gnu/11/include/g++-v11 --with-python-dir=/share/gcc-data/x86_64-pc-linux-gnu/11/python --enable-languages=c c++ fortran --enable-obsolete --enable-secureplt --disable-werror --with-system-zlib --enable-nls --without-included-gettext --disable-libunwind-exceptions --enable-checking=release --with-bugurl=https://bugs.gentoo.org/ --with-pkgversion='Gentoo 11.3.1_p20230120-r1 p7' --with-gcc-major-version-only --disable-esp --enable-libstdcxx-time --enable-lto --disable-libstdcxx-pch --enable-shared --enable-threads=posix --enable-__cxa_atexit --enable-clocale=gnu --enable-multilib --with-multilib-list=m32 m64 --disable-fixed-point --enable-targets=all --enable-libgomp --disable-libssp --disable-libada --disable-cet --disable-systemtap --disable-valgrind-annotations --disable-vtable-verify --disable-libvtv --without-zstd --without-isl --enable-default-pie --enable-default-ssp]
  ignore line: [Thread model: posix]
  ignore line: [Supported LTO compression algorithms: zlib]
  ignore line: [gcc version 11.3.1 20230120 (Gentoo 11.3.1_p20230120-r1 p7) ]
  ignore line: [COMPILER_PATH=/usr/libexec/gcc/x86_64-pc-linux-gnu/11/:/usr/libexec/gcc/x86_64-pc-linux-gnu/11/:/usr/libexec/gcc/x86_64-pc-linux-gnu/:/usr/lib/gcc/x86_64-pc-linux-gnu/11/:/usr/lib/gcc/x86_64-pc-linux-gnu/:/usr/lib/gcc/x86_64-pc-linux-gnu/11/../../../../x86_64-pc-linux-gnu/bin/]
  ignore line: [LIBRARY_PATH=/usr/lib/gcc/x86_64-pc-linux-gnu/11/:/usr/lib/gcc/x86_64-pc-linux-gnu/11/../../../../lib64/:/lib/../lib64/:/usr/lib/../lib64/:/usr/lib/gcc/x86_64-pc-linux-gnu/11/../../../../x86_64-pc-linux-gnu/lib/:/usr/lib/gcc/x86_64-pc-linux-gnu/11/../../../:/lib/:/usr/lib/]
  ignore line: [COLLECT_GCC_OPTIONS='-v' '-o' 'cmTC_288fc' '-mtune=generic' '-march=x86-64' '-dumpdir' 'cmTC_288fc.']
  link line: [ /usr/libexec/gcc/x86_64-pc-linux-gnu/11/collect2 -plugin /usr/libexec/gcc/x86_64-pc-linux-gnu/11/liblto_plugin.so -plugin-opt=/usr/libexec/gcc/x86_64-pc-linux-gnu/11/lto-wrapper -plugin-opt=-fresolution=/tmp/ccN4LJHV.res -plugin-opt=-pass-through=-lgcc -plugin-opt=-pass-through=-lgcc_s -plugin-opt=-pass-through=-lc -plugin-opt=-pass-through=-lgcc -plugin-opt=-pass-through=-lgcc_s --eh-frame-hdr -m elf_x86_64 -dynamic-linker /lib64/ld-linux-x86-64.so.2 -pie -o cmTC_288fc /usr/lib/gcc/x86_64-pc-linux-gnu/11/../../../../lib64/Scrt1.o /usr/lib/gcc/x86_64-pc-linux-gnu/11/../../../../lib64/crti.o /usr/lib/gcc/x86_64-pc-linux-gnu/11/crtbeginS.o -L/usr/lib/gcc/x86_64-pc-linux-gnu/11 -L/usr/lib/gcc/x86_64-pc-linux-gnu/11/../../../../lib64 -L/lib/../lib64 -L/usr/lib/../lib64 -L/usr/lib/gcc/x86_64-pc-linux-gnu/11/../../../../x86_64-pc-linux-gnu/lib -L/usr/lib/gcc/x86_64-pc-linux-gnu/11/../../.. CMakeFiles/cmTC_288fc.dir/CMakeCCompilerABI.c.o -lgcc --push-state --as-needed -lgcc_s --pop-state -lc -lgcc --push-state --as-needed -lgcc_s --pop-state /usr/lib/gcc/x86_64-pc-linux-gnu/11/crtendS.o /usr/lib/gcc/x86_64-pc-linux-gnu/11/../../../../lib64/crtn.o]
    arg [/usr/libexec/gcc/x86_64-pc-linux-gnu/11/collect2] ==> ignore
    arg [-plugin] ==> ignore
    arg [/usr/libexec/gcc/x86_64-pc-linux-gnu/11/liblto_plugin.so] ==> ignore
    arg [-plugin-opt=/usr/libexec/gcc/x86_64-pc-linux-gnu/11/lto-wrapper] ==> ignore
    arg [-plugin-opt=-fresolution=/tmp/ccN4LJHV.res] ==> ignore
    arg [-plugin-opt=-pass-through=-lgcc] ==> ignore
    arg [-plugin-opt=-pass-through=-lgcc_s] ==> ignore
    arg [-plugin-opt=-pass-through=-lc] ==> ignore
    arg [-plugin-opt=-pass-through=-lgcc] ==> ignore
    arg [-plugin-opt=-pass-through=-lgcc_s] ==> ignore
    arg [--eh-frame-hdr] ==> ignore
    arg [-m] ==> ignore
    arg [elf_x86_64] ==> ignore
    arg [-dynamic-linker] ==> ignore
    arg [/lib64/ld-linux-x86-64.so.2] ==> ignore
    arg [-pie] ==> ignore
    arg [-o] ==> ignore
    arg [cmTC_288fc] ==> ignore
    arg [/usr/lib/gcc/x86_64-pc-linux-gnu/11/../../../../lib64/Scrt1.o] ==> obj [/usr/lib/gcc/x86_64-pc-linux-gnu/11/../../../../lib64/Scrt1.o]
    arg [/usr/lib/gcc/x86_64-pc-linux-gnu/11/../../../../lib64/crti.o] ==> obj [/usr/lib/gcc/x86_64-pc-linux-gnu/11/../../../../lib64/crti.o]
    arg [/usr/lib/gcc/x86_64-pc-linux-gnu/11/crtbeginS.o] ==> obj [/usr/lib/gcc/x86_64-pc-linux-gnu/11/crtbeginS.o]
    arg [-L/usr/lib/gcc/x86_64-pc-linux-gnu/11] ==> dir [/usr/lib/gcc/x86_64-pc-linux-gnu/11]
    arg [-L/usr/lib/gcc/x86_64-pc-linux-gnu/11/../../../../lib64] ==> dir [/usr/lib/gcc/x86_64-pc-linux-gnu/11/../../../../lib64]
    arg [-L/lib/../lib64] ==> dir [/lib/../lib64]
    arg [-L/usr/lib/../lib64] ==> dir [/usr/lib/../lib64]
    arg [-L/usr/lib/gcc/x86_64-pc-linux-gnu/11/../../../../x86_64-pc-linux-gnu/lib] ==> dir [/usr/lib/gcc/x86_64-pc-linux-gnu/11/../../../../x86_64-pc-linux-gnu/lib]
    arg [-L/usr/lib/gcc/x86_64-pc-linux-gnu/11/../../..] ==> dir [/usr/lib/gcc/x86_64-pc-linux-gnu/11/../../..]
    arg [CMakeFiles/cmTC_288fc.dir/CMakeCCompilerABI.c.o] ==> ignore
    arg [-lgcc] ==> lib [gcc]
    arg [--push-state] ==> ignore
    arg [--as-needed] ==> ignore
    arg [-lgcc_s] ==> lib [gcc_s]
    arg [--pop-state] ==> ignore
    arg [-lc] ==> lib [c]
    arg [-lgcc] ==> lib [gcc]
    arg [--push-state] ==> ignore
    arg [--as-needed] ==> ignore
    arg [-lgcc_s] ==> lib [gcc_s]
    arg [--pop-state] ==> ignore
    arg [/usr/lib/gcc/x86_64-pc-linux-gnu/11/crtendS.o] ==> obj [/usr/lib/gcc/x86_64-pc-linux-gnu/11/crtendS.o]
    arg [/usr/lib/gcc/x86_64-pc-linux-gnu/11/../../../../lib64/crtn.o] ==> obj [/usr/lib/gcc/x86_64-pc-linux-gnu/11/../../../../lib64/crtn.o]
  collapse obj [/usr/lib/gcc/x86_64-pc-linux-gnu/11/../../../../lib64/Scrt1.o] ==> [/usr/lib64/Scrt1.o]
  collapse obj [/usr/lib/gcc/x86_64-pc-linux-gnu/11/../../../../lib64/crti.o] ==> [/usr/lib64/crti.o]
  collapse obj [/usr/lib/gcc/x86_64-pc-linux-gnu/11/../../../../lib64/crtn.o] ==> [/usr/lib64/crtn.o]
  collapse library dir [/usr/lib/gcc/x86_64-pc-linux-gnu/11] ==> [/usr/lib/gcc/x86_64-pc-linux-gnu/11]
  collapse library dir [/usr/lib/gcc/x86_64-pc-linux-gnu/11/../../../../lib64] ==> [/usr/lib64]
  collapse library dir [/lib/../lib64] ==> [/lib64]
  collapse library dir [/usr/lib/../lib64] ==> [/usr/lib64]
  collapse library dir [/usr/lib/gcc/x86_64-pc-linux-gnu/11/../../../../x86_64-pc-linux-gnu/lib] ==> [/usr/x86_64-pc-linux-gnu/lib]
  collapse library dir [/usr/lib/gcc/x86_64-pc-linux-gnu/11/../../..] ==> [/usr/lib]
  implicit libs: [gcc;gcc_s;c;gcc;gcc_s]
  implicit objs: [/usr/lib64/Scrt1.o;/usr/lib64/crti.o;/usr/lib/gcc/x86_64-pc-linux-gnu/11/crtbeginS.o;/usr/lib/gcc/x86_64-pc-linux-gnu/11/crtendS.o;/usr/lib64/crtn.o]
  implicit dirs: [/usr/lib/gcc/x86_64-pc-linux-gnu/11;/usr/lib64;/lib64;/usr/x86_64-pc-linux-gnu/lib;/usr/lib]
  implicit fwks: []


Detecting CXX compiler ABI info compiled with the following output:
Change Dir: /home/jungyoon/workspace/quic/quicdoq/CMakeFiles/CMakeTmp

Run Build Command(s):/usr/bin/gmake -f Makefile cmTC_a096f/fast && /usr/bin/gmake  -f CMakeFiles/cmTC_a096f.dir/build.make CMakeFiles/cmTC_a096f.dir/build
gmake[1]: Entering directory '/home/jungyoon/workspace/quic/quicdoq/CMakeFiles/CMakeTmp'
Building CXX object CMakeFiles/cmTC_a096f.dir/CMakeCXXCompilerABI.cpp.o
/usr/bin/c++   -v -o CMakeFiles/cmTC_a096f.dir/CMakeCXXCompilerABI.cpp.o -c /home/jungyoon/.miniconda3/share/cmake-3.22/Modules/CMakeCXXCompilerABI.cpp
Using built-in specs.
COLLECT_GCC=/usr/bin/c++
Target: x86_64-pc-linux-gnu
Configured with: /var/tmp/portage/sys-devel/gcc-11.3.1_p20230120-r1/work/gcc-11-20230120/configure --host=x86_64-pc-linux-gnu --build=x86_64-pc-linux-gnu --prefix=/usr --bindir=/usr/x86_64-pc-linux-gnu/gcc-bin/11 --includedir=/usr/lib/gcc/x86_64-pc-linux-gnu/11/include --datadir=/usr/share/gcc-data/x86_64-pc-linux-gnu/11 --mandir=/usr/share/gcc-data/x86_64-pc-linux-gnu/11/man --infodir=/usr/share/gcc-data/x86_64-pc-linux-gnu/11/info --with-gxx-include-dir=/usr/lib/gcc/x86_64-pc-linux-gnu/11/include/g++-v11 --with-python-dir=/share/gcc-data/x86_64-pc-linux-gnu/11/python --enable-languages=c,c++,fortran --enable-obsolete --enable-secureplt --disable-werror --with-system-zlib --enable-nls --without-included-gettext --disable-libunwind-exceptions --enable-checking=release --with-bugurl=https://bugs.gentoo.org/ --with-pkgversion='Gentoo 11.3.1_p20230120-r1 p7' --with-gcc-major-version-only --disable-esp --enable-libstdcxx-time --enable-lto --disable-libstdcxx-pch --enable-shared --enable-threads=posix --enable-__cxa_atexit --enable-clocale=gnu --enable-multilib --with-multilib-list=m32,m64 --disable-fixed-point --enable-targets=all --enable-libgomp --disable-libssp --disable-libada --disable-cet --disable-systemtap --disable-valgrind-annotations --disable-vtable-verify --disable-libvtv --without-zstd --without-isl --enable-default-pie --enable-default-ssp
Thread model: posix
Supported LTO compression algorithms: zlib
gcc version 11.3.1 20230120 (Gentoo 11.3.1_p20230120-r1 p7) 
COLLECT_GCC_OPTIONS='-v' '-o' 'CMakeFiles/cmTC_a096f.dir/CMakeCXXCompilerABI.cpp.o' '-c' '-shared-libgcc' '-mtune=generic' '-march=x86-64' '-dumpdir' 'CMakeFiles/cmTC_a096f.dir/'
 /usr/libexec/gcc/x86_64-pc-linux-gnu/11/cc1plus -quiet -v -D_GNU_SOURCE /home/jungyoon/.miniconda3/share/cmake-3.22/Modules/CMakeCXXCompilerABI.cpp -quiet -dumpdir CMakeFiles/cmTC_a096f.dir/ -dumpbase CMakeCXXCompilerABI.cpp.cpp -dumpbase-ext .cpp -mtune=generic -march=x86-64 -version -o /tmp/ccfXxEvZ.s
GNU C++17 (Gentoo 11.3.1_p20230120-r1 p7) version 11.3.1 20230120 (x86_64-pc-linux-gnu)
	compiled by GNU C version 11.3.1 20230120, GMP version 6.2.1, MPFR version 4.2.0, MPC version 1.3.1, isl version none
GGC heuristics: --param ggc-min-expand=100 --param ggc-min-heapsize=131072
ignoring nonexistent directory "/usr/local/include"
ignoring nonexistent directory "/usr/lib/gcc/x86_64-pc-linux-gnu/11/../../../../x86_64-pc-linux-gnu/include"
#include "..." search starts here:
#include <...> search starts here:
 /usr/lib/gcc/x86_64-pc-linux-gnu/11/include/g++-v11
 /usr/lib/gcc/x86_64-pc-linux-gnu/11/include/g++-v11/x86_64-pc-linux-gnu
 /usr/lib/gcc/x86_64-pc-linux-gnu/11/include/g++-v11/backward
 /usr/lib/gcc/x86_64-pc-linux-gnu/11/include
 /usr/lib/gcc/x86_64-pc-linux-gnu/11/include-fixed
 /usr/include
End of search list.
GNU C++17 (Gentoo 11.3.1_p20230120-r1 p7) version 11.3.1 20230120 (x86_64-pc-linux-gnu)
	compiled by GNU C version 11.3.1 20230120, GMP version 6.2.1, MPFR version 4.2.0, MPC version 1.3.1, isl version none
GGC heuristics: --param ggc-min-expand=100 --param ggc-min-heapsize=131072
Compiler executable checksum: f1da0b2c86f3f7f3cdd8385c4130e174
COLLECT_GCC_OPTIONS='-v' '-o' 'CMakeFiles/cmTC_a096f.dir/CMakeCXXCompilerABI.cpp.o' '-c' '-shared-libgcc' '-mtune=generic' '-march=x86-64' '-dumpdir' 'CMakeFiles/cmTC_a096f.dir/'
 /usr/lib/gcc/x86_64-pc-linux-gnu/11/../../../../x86_64-pc-linux-gnu/bin/as -v --64 -o CMakeFiles/cmTC_a096f.dir/CMakeCXXCompilerABI.cpp.o /tmp/ccfXxEvZ.s
GNU assembler version 2.39.0 (x86_64-pc-linux-gnu) using BFD version (Gentoo 2.39 p5) 2.39.0
COMPILER_PATH=/usr/libexec/gcc/x86_64-pc-linux-gnu/11/:/usr/libexec/gcc/x86_64-pc-linux-gnu/11/:/usr/libexec/gcc/x86_64-pc-linux-gnu/:/usr/lib/gcc/x86_64-pc-linux-gnu/11/:/usr/lib/gcc/x86_64-pc-linux-gnu/:/usr/lib/gcc/x86_64-pc-linux-gnu/11/../../../../x86_64-pc-linux-gnu/bin/
LIBRARY_PATH=/usr/lib/gcc/x86_64-pc-linux-gnu/11/:/usr/lib/gcc/x86_64-pc-linux-gnu/11/../../../../lib64/:/lib/../lib64/:/usr/lib/../lib64/:/usr/lib/gcc/x86_64-pc-linux-gnu/11/../../../../x86_64-pc-linux-gnu/lib/:/usr/lib/gcc/x86_64-pc-linux-gnu/11/../../../:/lib/:/usr/lib/
COLLECT_GCC_OPTIONS='-v' '-o' 'CMakeFiles/cmTC_a096f.dir/CMakeCXXCompilerABI.cpp.o' '-c' '-shared-libgcc' '-mtune=generic' '-march=x86-64' '-dumpdir' 'CMakeFiles/cmTC_a096f.dir/CMakeCXXCompilerABI.cpp.'
Linking CXX executable cmTC_a096f
/home/jungyoon/.miniconda3/bin/cmake -E cmake_link_script CMakeFiles/cmTC_a096f.dir/link.txt --verbose=1
/usr/bin/c++  -v CMakeFiles/cmTC_a096f.dir/CMakeCXXCompilerABI.cpp.o -o cmTC_a096f 
Using built-in specs.
COLLECT_GCC=/usr/bin/c++
COLLECT_LTO_WRAPPER=/usr/libexec/gcc/x86_64-pc-linux-gnu/11/lto-wrapper
Target: x86_64-pc-linux-gnu
Configured with: /var/tmp/portage/sys-devel/gcc-11.3.1_p20230120-r1/work/gcc-11-20230120/configure --host=x86_64-pc-linux-gnu --build=x86_64-pc-linux-gnu --prefix=/usr --bindir=/usr/x86_64-pc-linux-gnu/gcc-bin/11 --includedir=/usr/lib/gcc/x86_64-pc-linux-gnu/11/include --datadir=/usr/share/gcc-data/x86_64-pc-linux-gnu/11 --mandir=/usr/share/gcc-data/x86_64-pc-linux-gnu/11/man --infodir=/usr/share/gcc-data/x86_64-pc-linux-gnu/11/info --with-gxx-include-dir=/usr/lib/gcc/x86_64-pc-linux-gnu/11/include/g++-v11 --with-python-dir=/share/gcc-data/x86_64-pc-linux-gnu/11/python --enable-languages=c,c++,fortran --enable-obsolete --enable-secureplt --disable-werror --with-system-zlib --enable-nls --without-included-gettext --disable-libunwind-exceptions --enable-checking=release --with-bugurl=https://bugs.gentoo.org/ --with-pkgversion='Gentoo 11.3.1_p20230120-r1 p7' --with-gcc-major-version-only --disable-esp --enable-libstdcxx-time --enable-lto --disable-libstdcxx-pch --enable-shared --enable-threads=posix --enable-__cxa_atexit --enable-clocale=gnu --enable-multilib --with-multilib-list=m32,m64 --disable-fixed-point --enable-targets=all --enable-libgomp --disable-libssp --disable-libada --disable-cet --disable-systemtap --disable-valgrind-annotations --disable-vtable-verify --disable-libvtv --without-zstd --without-isl --enable-default-pie --enable-default-ssp
Thread model: posix
Supported LTO compression algorithms: zlib
gcc version 11.3.1 20230120 (Gentoo 11.3.1_p20230120-r1 p7) 
COMPILER_PATH=/usr/libexec/gcc/x86_64-pc-linux-gnu/11/:/usr/libexec/gcc/x86_64-pc-linux-gnu/11/:/usr/libexec/gcc/x86_64-pc-linux-gnu/:/usr/lib/gcc/x86_64-pc-linux-gnu/11/:/usr/lib/gcc/x86_64-pc-linux-gnu/:/usr/lib/gcc/x86_64-pc-linux-gnu/11/../../../../x86_64-pc-linux-gnu/bin/
LIBRARY_PATH=/usr/lib/gcc/x86_64-pc-linux-gnu/11/:/usr/lib/gcc/x86_64-pc-linux-gnu/11/../../../../lib64/:/lib/../lib64/:/usr/lib/../lib64/:/usr/lib/gcc/x86_64-pc-linux-gnu/11/../../../../x86_64-pc-linux-gnu/lib/:/usr/lib/gcc/x86_64-pc-linux-gnu/11/../../../:/lib/:/usr/lib/
COLLECT_GCC_OPTIONS='-v' '-o' 'cmTC_a096f' '-shared-libgcc' '-mtune=generic' '-march=x86-64' '-dumpdir' 'cmTC_a096f.'
 /usr/libexec/gcc/x86_64-pc-linux-gnu/11/collect2 -plugin /usr/libexec/gcc/x86_64-pc-linux-gnu/11/liblto_plugin.so -plugin-opt=/usr/libexec/gcc/x86_64-pc-linux-gnu/11/lto-wrapper -plugin-opt=-fresolution=/tmp/ccraBidv.res -plugin-opt=-pass-through=-lgcc_s -plugin-opt=-pass-through=-lgcc -plugin-opt=-pass-through=-lc -plugin-opt=-pass-through=-lgcc_s -plugin-opt=-pass-through=-lgcc --eh-frame-hdr -m elf_x86_64 -dynamic-linker /lib64/ld-linux-x86-64.so.2 -pie -o cmTC_a096f /usr/lib/gcc/x86_64-pc-linux-gnu/11/../../../../lib64/Scrt1.o /usr/lib/gcc/x86_64-pc-linux-gnu/11/../../../../lib64/crti.o /usr/lib/gcc/x86_64-pc-linux-gnu/11/crtbeginS.o -L/usr/lib/gcc/x86_64-pc-linux-gnu/11 -L/usr/lib/gcc/x86_64-pc-linux-gnu/11/../../../../lib64 -L/lib/../lib64 -L/usr/lib/../lib64 -L/usr/lib/gcc/x86_64-pc-linux-gnu/11/../../../../x86_64-pc-linux-gnu/lib -L/usr/lib/gcc/x86_64-pc-linux-gnu/11/../../.. CMakeFiles/cmTC_a096f.dir/CMakeCXXCompilerABI.cpp.o -lstdc++ -lm -lgcc_s -lgcc -lc -lgcc_s -lgcc /usr/lib/gcc/x86_64-pc-linux-gnu/11/crtendS.o /usr/lib/gcc/x86_64-pc-linux-gnu/11/../../../../lib64/crtn.o
COLLECT_GCC_OPTIONS='-v' '-o' 'cmTC_a096f' '-shared-libgcc' '-mtune=generic' '-march=x86-64' '-dumpdir' 'cmTC_a096f.'
gmake[1]: Leaving directory '/home/jungyoon/workspace/quic/quicdoq/CMakeFiles/CMakeTmp'



Parsed CXX implicit include dir info from above output: rv=done
  found start of include info
  found start of implicit include info
    add: [/usr/lib/gcc/x86_64-pc-linux-gnu/11/include/g++-v11]
    add: [/usr/lib/gcc/x86_64-pc-linux-gnu/11/include/g++-v11/x86_64-pc-linux-gnu]
    add: [/usr/lib/gcc/x86_64-pc-linux-gnu/11/include/g++-v11/backward]
    add: [/usr/lib/gcc/x86_64-pc-linux-gnu/11/include]
    add: [/usr/lib/gcc/x86_64-pc-linux-gnu/11/include-fixed]
    add: [/usr/include]
  end of search list found
  collapse include dir [/usr/lib/gcc/x86_64-pc-linux-gnu/11/include/g++-v11] ==> [/usr/lib/gcc/x86_64-pc-linux-gnu/11/include/g++-v11]
  collapse include dir [/usr/lib/gcc/x86_64-pc-linux-gnu/11/include/g++-v11/x86_64-pc-linux-gnu] ==> [/usr/lib/gcc/x86_64-pc-linux-gnu/11/include/g++-v11/x86_64-pc-linux-gnu]
  collapse include dir [/usr/lib/gcc/x86_64-pc-linux-gnu/11/include/g++-v11/backward] ==> [/usr/lib/gcc/x86_64-pc-linux-gnu/11/include/g++-v11/backward]
  collapse include dir [/usr/lib/gcc/x86_64-pc-linux-gnu/11/include] ==> [/usr/lib/gcc/x86_64-pc-linux-gnu/11/include]
  collapse include dir [/usr/lib/gcc/x86_64-pc-linux-gnu/11/include-fixed] ==> [/usr/lib/gcc/x86_64-pc-linux-gnu/11/include-fixed]
  collapse include dir [/usr/include] ==> [/usr/include]
  implicit include dirs: [/usr/lib/gcc/x86_64-pc-linux-gnu/11/include/g++-v11;/usr/lib/gcc/x86_64-pc-linux-gnu/11/include/g++-v11/x86_64-pc-linux-gnu;/usr/lib/gcc/x86_64-pc-linux-gnu/11/include/g++-v11/backward;/usr/lib/gcc/x86_64-pc-linux-gnu/11/include;/usr/lib/gcc/x86_64-pc-linux-gnu/11/include-fixed;/usr/include]


Parsed CXX implicit link information from above output:
  link line regex: [^( *|.*[/\])(ld|CMAKE_LINK_STARTFILE-NOTFOUND|([^/\]+-)?ld|collect2)[^/\]*( |$)]
  ignore line: [Change Dir: /home/jungyoon/workspace/quic/quicdoq/CMakeFiles/CMakeTmp]
  ignore line: []
  ignore line: [Run Build Command(s):/usr/bin/gmake -f Makefile cmTC_a096f/fast && /usr/bin/gmake  -f CMakeFiles/cmTC_a096f.dir/build.make CMakeFiles/cmTC_a096f.dir/build]
  ignore line: [gmake[1]: Entering directory '/home/jungyoon/workspace/quic/quicdoq/CMakeFiles/CMakeTmp']
  ignore line: [Building CXX object CMakeFiles/cmTC_a096f.dir/CMakeCXXCompilerABI.cpp.o]
  ignore line: [/usr/bin/c++   -v -o CMakeFiles/cmTC_a096f.dir/CMakeCXXCompilerABI.cpp.o -c /home/jungyoon/.miniconda3/share/cmake-3.22/Modules/CMakeCXXCompilerABI.cpp]
  ignore line: [Using built-in specs.]
  ignore line: [COLLECT_GCC=/usr/bin/c++]
  ignore line: [Target: x86_64-pc-linux-gnu]
  ignore line: [Configured with: /var/tmp/portage/sys-devel/gcc-11.3.1_p20230120-r1/work/gcc-11-20230120/configure --host=x86_64-pc-linux-gnu --build=x86_64-pc-linux-gnu --prefix=/usr --bindir=/usr/x86_64-pc-linux-gnu/gcc-bin/11 --includedir=/usr/lib/gcc/x86_64-pc-linux-gnu/11/include --datadir=/usr/share/gcc-data/x86_64-pc-linux-gnu/11 --mandir=/usr/share/gcc-data/x86_64-pc-linux-gnu/11/man --infodir=/usr/share/gcc-data/x86_64-pc-linux-gnu/11/info --with-gxx-include-dir=/usr/lib/gcc/x86_64-pc-linux-gnu/11/include/g++-v11 --with-python-dir=/share/gcc-data/x86_64-pc-linux-gnu/11/python --enable-languages=c c++ fortran --enable-obsolete --enable-secureplt --disable-werror --with-system-zlib --enable-nls --without-included-gettext --disable-libunwind-exceptions --enable-checking=release --with-bugurl=https://bugs.gentoo.org/ --with-pkgversion='Gentoo 11.3.1_p20230120-r1 p7' --with-gcc-major-version-only --disable-esp --enable-libstdcxx-time --enable-lto --disable-libstdcxx-pch --enable-shared --enable-threads=posix --enable-__cxa_atexit --enable-clocale=gnu --enable-multilib --with-multilib-list=m32 m64 --disable-fixed-point --enable-targets=all --enable-libgomp --disable-libssp --disable-libada --disable-cet --disable-systemtap --disable-valgrind-annotations --disable-vtable-verify --disable-libvtv --without-zstd --without-isl --enable-default-pie --enable-default-ssp]
  ignore line: [Thread model: posix]
  ignore line: [Supported LTO compression algorithms: zlib]
  ignore line: [gcc version 11.3.1 20230120 (Gentoo 11.3.1_p20230120-r1 p7) ]
  ignore line: [COLLECT_GCC_OPTIONS='-v' '-o' 'CMakeFiles/cmTC_a096f.dir/CMakeCXXCompilerABI.cpp.o' '-c' '-shared-libgcc' '-mtune=generic' '-march=x86-64' '-dumpdir' 'CMakeFiles/cmTC_a096f.dir/']
  ignore line: [ /usr/libexec/gcc/x86_64-pc-linux-gnu/11/cc1plus -quiet -v -D_GNU_SOURCE /home/jungyoon/.miniconda3/share/cmake-3.22/Modules/CMakeCXXCompilerABI.cpp -quiet -dumpdir CMakeFiles/cmTC_a096f.dir/ -dumpbase CMakeCXXCompilerABI.cpp.cpp -dumpbase-ext .cpp -mtune=generic -march=x86-64 -version -o /tmp/ccfXxEvZ.s]
  ignore line: [GNU C++17 (Gentoo 11.3.1_p20230120-r1 p7) version 11.3.1 20230120 (x86_64-pc-linux-gnu)]
  ignore line: [	compiled by GNU C version 11.3.1 20230120  GMP version 6.2.1  MPFR version 4.2.0  MPC version 1.3.1  isl version none]
  ignore line: [GGC heuristics: --param ggc-min-expand=100 --param ggc-min-heapsize=131072]
  ignore line: [ignoring nonexistent directory "/usr/local/include"]
  ignore line: [ignoring nonexistent directory "/usr/lib/gcc/x86_64-pc-linux-gnu/11/../../../../x86_64-pc-linux-gnu/include"]
  ignore line: [#include "..." search starts here:]
  ignore line: [#include <...> search starts here:]
  ignore line: [ /usr/lib/gcc/x86_64-pc-linux-gnu/11/include/g++-v11]
  ignore line: [ /usr/lib/gcc/x86_64-pc-linux-gnu/11/include/g++-v11/x86_64-pc-linux-gnu]
  ignore line: [ /usr/lib/gcc/x86_64-pc-linux-gnu/11/include/g++-v11/backward]
  ignore line: [ /usr/lib/gcc/x86_64-pc-linux-gnu/11/include]
  ignore line: [ /usr/lib/gcc/x86_64-pc-linux-gnu/11/include-fixed]
  ignore line: [ /usr/include]
  ignore line: [End of search list.]
  ignore line: [GNU C++17 (Gentoo 11.3.1_p20230120-r1 p7) version 11.3.1 20230120 (x86_64-pc-linux-gnu)]
  ignore line: [	compiled by GNU C version 11.3.1 20230120  GMP version 6.2.1  MPFR version 4.2.0  MPC version 1.3.1  isl version none]
  ignore line: [GGC heuristics: --param ggc-min-expand=100 --param ggc-min-heapsize=131072]
  ignore line: [Compiler executable checksum: f1da0b2c86f3f7f3cdd8385c4130e174]
  ignore line: [COLLECT_GCC_OPTIONS='-v' '-o' 'CMakeFiles/cmTC_a096f.dir/CMakeCXXCompilerABI.cpp.o' '-c' '-shared-libgcc' '-mtune=generic' '-march=x86-64' '-dumpdir' 'CMakeFiles/cmTC_a096f.dir/']
  ignore line: [ /usr/lib/gcc/x86_64-pc-linux-gnu/11/../../../../x86_64-pc-linux-gnu/bin/as -v --64 -o CMakeFiles/cmTC_a096f.dir/CMakeCXXCompilerABI.cpp.o /tmp/ccfXxEvZ.s]
  ignore line: [GNU assembler version 2.39.0 (x86_64-pc-linux-gnu) using BFD version (Gentoo 2.39 p5) 2.39.0]
  ignore line: [COMPILER_PATH=/usr/libexec/gcc/x86_64-pc-linux-gnu/11/:/usr/libexec/gcc/x86_64-pc-linux-gnu/11/:/usr/libexec/gcc/x86_64-pc-linux-gnu/:/usr/lib/gcc/x86_64-pc-linux-gnu/11/:/usr/lib/gcc/x86_64-pc-linux-gnu/:/usr/lib/gcc/x86_64-pc-linux-gnu/11/../../../../x86_64-pc-linux-gnu/bin/]
  ignore line: [LIBRARY_PATH=/usr/lib/gcc/x86_64-pc-linux-gnu/11/:/usr/lib/gcc/x86_64-pc-linux-gnu/11/../../../../lib64/:/lib/../lib64/:/usr/lib/../lib64/:/usr/lib/gcc/x86_64-pc-linux-gnu/11/../../../../x86_64-pc-linux-gnu/lib/:/usr/lib/gcc/x86_64-pc-linux-gnu/11/../../../:/lib/:/usr/lib/]
  ignore line: [COLLECT_GCC_OPTIONS='-v' '-o' 'CMakeFiles/cmTC_a096f.dir/CMakeCXXCompilerABI.cpp.o' '-c' '-shared-libgcc' '-mtune=generic' '-march=x86-64' '-dumpdir' 'CMakeFiles/cmTC_a096f.dir/CMakeCXXCompilerABI.cpp.']
  ignore line: [Linking CXX executable cmTC_a096f]
  ignore line: [/home/jungyoon/.miniconda3/bin/cmake -E cmake_link_script CMakeFiles/cmTC_a096f.dir/link.txt --verbose=1]
  ignore line: [/usr/bin/c++  -v CMakeFiles/cmTC_a096f.dir/CMakeCXXCompilerABI.cpp.o -o cmTC_a096f ]
  ignore line: [Using built-in specs.]
  ignore line: [COLLECT_GCC=/usr/bin/c++]
  ignore line: [COLLECT_LTO_WRAPPER=/usr/libexec/gcc/x86_64-pc-linux-gnu/11/lto-wrapper]
  ignore line: [Target: x86_64-pc-linux-gnu]
  ignore line: [Configured with: /var/tmp/portage/sys-devel/gcc-11.3.1_p20230120-r1/work/gcc-11-20230120/configure --host=x86_64-pc-linux-gnu --build=x86_64-pc-linux-gnu --prefix=/usr --bindir=/usr/x86_64-pc-linux-gnu/gcc-bin/11 --includedir=/usr/lib/gcc/x86_64-pc-linux-gnu/11/include --datadir=/usr/share/gcc-data/x86_64-pc-linux-gnu/11 --mandir=/usr/share/gcc-data/x86_64-pc-linux-gnu/11/man --infodir=/usr/share/gcc-data/x86_64-pc-linux-gnu/11/info --with-gxx-include-dir=/usr/lib/gcc/x86_64-pc-linux-gnu/11/include/g++-v11 --with-python-dir=/share/gcc-data/x86_64-pc-linux-gnu/11/python --enable-languages=c c++ fortran --enable-obsolete --enable-secureplt --disable-werror --with-system-zlib --enable-nls --without-included-gettext --disable-libunwind-exceptions --enable-checking=release --with-bugurl=https://bugs.gentoo.org/ --with-pkgversion='Gentoo 11.3.1_p20230120-r1 p7' --with-gcc-major-version-only --disable-esp --enable-libstdcxx-time --enable-lto --disable-libstdcxx-pch --enable-shared --enable-threads=posix --enable-__cxa_atexit --enable-clocale=gnu --enable-multilib --with-multilib-list=m32 m64 --disable-fixed-point --enable-targets=all --enable-libgomp --disable-libssp --disable-libada --disable-cet --disable-systemtap --disable-valgrind-annotations --disable-vtable-verify --disable-libvtv --without-zstd --without-isl --enable-default-pie --enable-default-ssp]
  ignore line: [Thread model: posix]
  ignore line: [Supported LTO compression algorithms: zlib]
  ignore line: [gcc version 11.3.1 20230120 (Gentoo 11.3.1_p20230120-r1 p7) ]
  ignore line: [COMPILER_PATH=/usr/libexec/gcc/x86_64-pc-linux-gnu/11/:/usr/libexec/gcc/x86_64-pc-linux-gnu/11/:/usr/libexec/gcc/x86_64-pc-linux-gnu/:/usr/lib/gcc/x86_64-pc-linux-gnu/11/:/usr/lib/gcc/x86_64-pc-linux-gnu/:/usr/lib/gcc/x86_64-pc-linux-gnu/11/../../../../x86_64-pc-linux-gnu/bin/]
  ignore line: [LIBRARY_PATH=/usr/lib/gcc/x86_64-pc-linux-gnu/11/:/usr/lib/gcc/x86_64-pc-linux-gnu/11/../../../../lib64/:/lib/../lib64/:/usr/lib/../lib64/:/usr/lib/gcc/x86_64-pc-linux-gnu/11/../../../../x86_64-pc-linux-gnu/lib/:/usr/lib/gcc/x86_64-pc-linux-gnu/11/../../../:/lib/:/usr/lib/]
  ignore line: [COLLECT_GCC_OPTIONS='-v' '-o' 'cmTC_a096f' '-shared-libgcc' '-mtune=generic' '-march=x86-64' '-dumpdir' 'cmTC_a096f.']
  link line: [ /usr/libexec/gcc/x86_64-pc-linux-gnu/11/collect2 -plugin /usr/libexec/gcc/x86_64-pc-linux-gnu/11/liblto_plugin.so -plugin-opt=/usr/libexec/gcc/x86_64-pc-linux-gnu/11/lto-wrapper -plugin-opt=-fresolution=/tmp/ccraBidv.res -plugin-opt=-pass-through=-lgcc_s -plugin-opt=-pass-through=-lgcc -plugin-opt=-pass-through=-lc -plugin-opt=-pass-through=-lgcc_s -plugin-opt=-pass-through=-lgcc --eh-frame-hdr -m elf_x86_64 -dynamic-linker /lib64/ld-linux-x86-64.so.2 -pie -o cmTC_a096f /usr/lib/gcc/x86_64-pc-linux-gnu/11/../../../../lib64/Scrt1.o /usr/lib/gcc/x86_64-pc-linux-gnu/11/../../../../lib64/crti.o /usr/lib/gcc/x86_64-pc-linux-gnu/11/crtbeginS.o -L/usr/lib/gcc/x86_64-pc-linux-gnu/11 -L/usr/lib/gcc/x86_64-pc-linux-gnu/11/../../../../lib64 -L/lib/../lib64 -L/usr/lib/../lib64 -L/usr/lib/gcc/x86_64-pc-linux-gnu/11/../../../../x86_64-pc-linux-gnu/lib -L/usr/lib/gcc/x86_64-pc-linux-gnu/11/../../.. CMakeFiles/cmTC_a096f.dir/CMakeCXXCompilerABI.cpp.o -lstdc++ -lm -lgcc_s -lgcc -lc -lgcc_s -lgcc /usr/lib/gcc/x86_64-pc-linux-gnu/11/crtendS.o /usr/lib/gcc/x86_64-pc-linux-gnu/11/../../../../lib64/crtn.o]
    arg [/usr/libexec/gcc/x86_64-pc-linux-gnu/11/collect2] ==> ignore
    arg [-plugin] ==> ignore
    arg [/usr/libexec/gcc/x86_64-pc-linux-gnu/11/liblto_plugin.so] ==> ignore
    arg [-plugin-opt=/usr/libexec/gcc/x86_64-pc-linux-gnu/11/lto-wrapper] ==> ignore
    arg [-plugin-opt=-fresolution=/tmp/ccraBidv.res] ==> ignore
    arg [-plugin-opt=-pass-through=-lgcc_s] ==> ignore
    arg [-plugin-opt=-pass-through=-lgcc] ==> ignore
    arg [-plugin-opt=-pass-through=-lc] ==> ignore
    arg [-plugin-opt=-pass-through=-lgcc_s] ==> ignore
    arg [-plugin-opt=-pass-through=-lgcc] ==> ignore
    arg [--eh-frame-hdr] ==> ignore
    arg [-m] ==> ignore
    arg [elf_x86_64] ==> ignore
    arg [-dynamic-linker] ==> ignore
    arg [/lib64/ld-linux-x86-64.so.2] ==> ignore
    arg [-pie] ==> ignore
    arg [-o] ==> ignore
    arg [cmTC_a096f] ==> ignore
    arg [/usr/lib/gcc/x86_64-pc-linux-gnu/11/../../../../lib64/Scrt1.o] ==> obj [/usr/lib/gcc/x86_64-pc-linux-gnu/11/../../../../lib64/Scrt1.o]
    arg [/usr/lib/gcc/x86_64-pc-linux-gnu/11/../../../../lib64/crti.o] ==> obj [/usr/lib/gcc/x86_64-pc-linux-gnu/11/../../../../lib64/crti.o]
    arg [/usr/lib/gcc/x86_64-pc-linux-gnu/11/crtbeginS.o] ==> obj [/usr/lib/gcc/x86_64-pc-linux-gnu/11/crtbeginS.o]
    arg [-L/usr/lib/gcc/x86_64-pc-linux-gnu/11] ==> dir [/usr/lib/gcc/x86_64-pc-linux-gnu/11]
    arg [-L/usr/lib/gcc/x86_64-pc-linux-gnu/11/../../../../lib64] ==> dir [/usr/lib/gcc/x86_64-pc-linux-gnu/11/../../../../lib64]
    arg [-L/lib/../lib64] ==> dir [/lib/../lib64]
    arg [-L/usr/lib/../lib64] ==> dir [/usr/lib/../lib64]
    arg [-L/usr/lib/gcc/x86_64-pc-linux-gnu/11/../../../../x86_64-pc-linux-gnu/lib] ==> dir [/usr/lib/gcc/x86_64-pc-linux-gnu/11/../../../../x86_64-pc-linux-gnu/lib]
    arg [-L/usr/lib/gcc/x86_64-pc-linux-gnu/11/../../..] ==> dir [/usr/lib/gcc/x86_64-pc-linux-gnu/11/../../..]
    arg [CMakeFiles/cmTC_a096f.dir/CMakeCXXCompilerABI.cpp.o] ==> ignore
    arg [-lstdc++] ==> lib [stdc++]
    arg [-lm] ==> lib [m]
    arg [-lgcc_s] ==> lib [gcc_s]
    arg [-lgcc] ==> lib [gcc]
    arg [-lc] ==> lib [c]
    arg [-lgcc_s] ==> lib [gcc_s]
    arg [-lgcc] ==> lib [gcc]
    arg [/usr/lib/gcc/x86_64-pc-linux-gnu/11/crtendS.o] ==> obj [/usr/lib/gcc/x86_64-pc-linux-gnu/11/crtendS.o]
    arg [/usr/lib/gcc/x86_64-pc-linux-gnu/11/../../../../lib64/crtn.o] ==> obj [/usr/lib/gcc/x86_64-pc-linux-gnu/11/../../../../lib64/crtn.o]
  collapse obj [/usr/lib/gcc/x86_64-pc-linux-gnu/11/../../../../lib64/Scrt1.o] ==> [/usr/lib64/Scrt1.o]
  collapse obj [/usr/lib/gcc/x86_64-pc-linux-gnu/11/../../../../lib64/crti.o] ==> [/usr/lib64/crti.o]
  collapse obj [/usr/lib/gcc/x86_64-pc-linux-gnu/11/../../../../lib64/crtn.o] ==> [/usr/lib64/crtn.o]
  collapse library dir [/usr/lib/gcc/x86_64-pc-linux-gnu/11] ==> [/usr/lib/gcc/x86_64-pc-linux-gnu/11]
  collapse library dir [/usr/lib/gcc/x86_64-pc-linux-gnu/11/../../../../lib64] ==> [/usr/lib64]
  collapse library dir [/lib/../lib64] ==> [/lib64]
  collapse library dir [/usr/lib/../lib64] ==> [/usr/lib64]
  collapse library dir [/usr/lib/gcc/x86_64-pc-linux-gnu/11/../../../../x86_64-pc-linux-gnu/lib] ==> [/usr/x86_64-pc-linux-gnu/lib]
  collapse library dir [/usr/lib/gcc/x86_64-pc-linux-gnu/11/../../..] ==> [/usr/lib]
  implicit libs: [stdc++;m;gcc_s;gcc;c;gcc_s;gcc]
  implicit objs: [/usr/lib64/Scrt1.o;/usr/lib64/crti.o;/usr/lib/gcc/x86_64-pc-linux-gnu/11/crtbeginS.o;/usr/lib/gcc/x86_64-pc-linux-gnu/11/crtendS.o;/usr/lib64/crtn.o]
  implicit dirs: [/usr/lib/gcc/x86_64-pc-linux-gnu/11;/usr/lib64;/lib64;/usr/x86_64-pc-linux-gnu/lib;/usr/lib]
  implicit fwks: []


Determining if the include file pthread.h exists passed with the following output:
Change Dir: /home/jungyoon/workspace/quic/quicdoq/CMakeFiles/CMakeTmp

Run Build Command(s):/usr/bin/gmake -f Makefile cmTC_2e52f/fast && /usr/bin/gmake  -f CMakeFiles/cmTC_2e52f.dir/build.make CMakeFiles/cmTC_2e52f.dir/build
gmake[1]: Entering directory '/home/jungyoon/workspace/quic/quicdoq/CMakeFiles/CMakeTmp'
Building C object CMakeFiles/cmTC_2e52f.dir/CheckIncludeFile.c.o
/usr/bin/cc    -o CMakeFiles/cmTC_2e52f.dir/CheckIncludeFile.c.o -c /home/jungyoon/workspace/quic/quicdoq/CMakeFiles/CMakeTmp/CheckIncludeFile.c
Linking C executable cmTC_2e52f
/home/jungyoon/.miniconda3/bin/cmake -E cmake_link_script CMakeFiles/cmTC_2e52f.dir/link.txt --verbose=1
/usr/bin/cc CMakeFiles/cmTC_2e52f.dir/CheckIncludeFile.c.o -o cmTC_2e52f 
gmake[1]: Leaving directory '/home/jungyoon/workspace/quic/quicdoq/CMakeFiles/CMakeTmp'



Performing C SOURCE FILE Test CMAKE_HAVE_LIBC_PTHREAD succeeded with the following output:
Change Dir: /home/jungyoon/workspace/quic/quicdoq/CMakeFiles/CMakeTmp

Run Build Command(s):/usr/bin/gmake -f Makefile cmTC_49c3f/fast && /usr/bin/gmake  -f CMakeFiles/cmTC_49c3f.dir/build.make CMakeFiles/cmTC_49c3f.dir/build
gmake[1]: Entering directory '/home/jungyoon/workspace/quic/quicdoq/CMakeFiles/CMakeTmp'
Building C object CMakeFiles/cmTC_49c3f.dir/src.c.o
/usr/bin/cc -DCMAKE_HAVE_LIBC_PTHREAD   -o CMakeFiles/cmTC_49c3f.dir/src.c.o -c /home/jungyoon/workspace/quic/quicdoq/CMakeFiles/CMakeTmp/src.c
Linking C executable cmTC_49c3f
/home/jungyoon/.miniconda3/bin/cmake -E cmake_link_script CMakeFiles/cmTC_49c3f.dir/link.txt --verbose=1
/usr/bin/cc CMakeFiles/cmTC_49c3f.dir/src.c.o -o cmTC_49c3f 
gmake[1]: Leaving directory '/home/jungyoon/workspace/quic/quicdoq/CMakeFiles/CMakeTmp'


Source file was:
#include <pthread.h>

static void* test_func(void* data)
{
  return data;
}

int main(void)
{
  pthread_t thread;
  pthread_create(&thread, NULL, test_func, NULL);
  pthread_detach(thread);
  pthread_cancel(thread);
  pthread_join(thread, NULL);
  pthread_atfork(NULL, NULL, NULL);
  pthread_exit(NULL);

  return 0;
}

